#
# There is insufficient memory for the Java Runtime Environment to continue.
# Native memory allocation (malloc) failed to allocate 32744 bytes for ChunkPool::allocate
# Possible reasons:
#   The system is out of physical RAM or swap space
#   The process is running with CompressedOops enabled, and the Java Heap may be blocking the growth of the native heap
# Possible solutions:
#   Reduce memory load on the system
#   Increase physical memory or swap space
#   Check if swap backing store is full
#   Decrease Java heap size (-Xmx/-Xms)
#   Decrease number of Java threads
#   Decrease Java thread stack sizes (-Xss)
#   Set larger code cache with -XX:ReservedCodeCacheSize=
#   JVM is running with Unscaled Compressed Oops mode in which the Java heap is
#     placed in the first 4GB address space. The Java Heap base address is the
#     maximum limit for the native heap growth. Please use -XX:HeapBaseMinAddress
#     to set the Java Heap base and to place the Java Heap above 4GB virtual address.
# This output file may be truncated or incomplete.
#
#  Out of Memory Error (./src/hotspot/share/memory/arena.cpp:81), pid=440, tid=5648
#
# JRE version: OpenJDK Runtime Environment (11.0.10) (build 11.0.10+0-b96-7249189)
# Java VM: OpenJDK 64-Bit Server VM (11.0.10+0-b96-7249189, mixed mode, tiered, compressed oops, g1 gc, windows-amd64)
# No core dump will be written. Minidumps are not enabled by default on client versions of Windows
#

---------------  S U M M A R Y ------------

Command Line: --add-opens=java.base/java.util=ALL-UNNAMED --add-opens=java.base/java.lang=ALL-UNNAMED --add-opens=java.base/java.lang.invoke=ALL-UNNAMED --add-opens=java.base/java.util=ALL-UNNAMED --add-opens=java.prefs/java.util.prefs=ALL-UNNAMED --add-opens=java.prefs/java.util.prefs=ALL-UNNAMED --add-opens=java.base/java.nio.charset=ALL-UNNAMED --add-opens=java.base/java.net=ALL-UNNAMED --add-opens=java.base/java.util.concurrent.atomic=ALL-UNNAMED -Xmx2048m -Dfile.encoding=UTF-8 -Duser.country=RU -Duser.language=ru -Duser.variant org.gradle.launcher.daemon.bootstrap.GradleDaemon 7.0.2

Host: Intel(R) Core(TM) i5-4670 CPU @ 3.40GHz, 4 cores, 3G,  Windows 10 , 64 bit Build 17763 (10.0.17763.475)
Time: Tue Aug 31 19:23:47 2021 RTZ 2 (ceia) elapsed time: 6906.361438 seconds (0d 1h 55m 6s)

---------------  T H R E A D  ---------------

Current thread (0x00000266b8a37800):  JavaThread "C2 CompilerThread1" daemon [_thread_in_native, id=5648, stack(0x0000007910e00000,0x0000007910f00000)]


Current CompileTask:
C2:6906361 40519 %     4       com.android.tools.r8.internal.Kv::a @ 55 (430 bytes)

Stack: [0x0000007910e00000,0x0000007910f00000]
Native frames: (J=compiled Java code, j=interpreted, Vv=VM code, C=native code)
V  [jvm.dll+0x5ecfaa]
V  [jvm.dll+0x722bd5]
V  [jvm.dll+0x72412d]
V  [jvm.dll+0x7247e3]
V  [jvm.dll+0x242928]
V  [jvm.dll+0xbc75b]
V  [jvm.dll+0xbca0c]
V  [jvm.dll+0x5cb066]
V  [jvm.dll+0x5caf74]
V  [jvm.dll+0x73fe5]
V  [jvm.dll+0x189cb0]
V  [jvm.dll+0x584bca]
V  [jvm.dll+0x58380e]
V  [jvm.dll+0x1fb4a2]
V  [jvm.dll+0x1fa7f4]
V  [jvm.dll+0x18354c]
V  [jvm.dll+0x208ee7]
V  [jvm.dll+0x207731]
V  [jvm.dll+0x6eb1cf]
V  [jvm.dll+0x6e3d45]
V  [jvm.dll+0x5ebe96]
C  [ucrtbase.dll+0x2268a]
C  [KERNEL32.DLL+0x17974]
C  [ntdll.dll+0x5a0b1]


---------------  P R O C E S S  ---------------

Threads class SMR info:
_java_thread_list=0x00000266c4391510, length=99, elements={
0x0000026699a2c000, 0x00000266b559f000, 0x00000266b55a9000, 0x00000266b55bc000,
0x00000266b55bd000, 0x00000266b55be800, 0x00000266b55c1800, 0x00000266b55c4800,
0x00000266b560e000, 0x00000266b6095000, 0x00000266b7240800, 0x00000266b7157800,
0x00000266b74d9800, 0x00000266b7a3d800, 0x00000266b7a3c000, 0x00000266b7a3c800,
0x00000266b7a3e000, 0x00000266b7a38800, 0x00000266b8a33800, 0x00000266b8a36000,
0x00000266b8a32800, 0x00000266b8a3b800, 0x00000266b8a3f000, 0x00000266b8a3e000,
0x00000266b8a3d800, 0x00000266b8a41800, 0x00000266b8a40800, 0x00000266bafeb800,
0x00000266b8a3a000, 0x00000266b7a3f000, 0x00000266b7a3a000, 0x00000266b7a3b000,
0x00000266baff5000, 0x00000266bafe7800, 0x00000266baff4800, 0x00000266c12f3000,
0x00000266bafe8000, 0x00000266bafea000, 0x00000266c12fa800, 0x00000266c12f9000,
0x00000266c12f4800, 0x00000266c12f2000, 0x00000266c12f4000, 0x00000266bafe6800,
0x00000266baff2000, 0x00000266ba5d9000, 0x00000266ba5cd800, 0x00000266ba5d8000,
0x00000266ba5d5800, 0x00000266ba5cf000, 0x00000266ba5d6800, 0x00000266c12f7000,
0x00000266c12ed800, 0x00000266c39bf000, 0x00000266c39bd800, 0x00000266c39c2800,
0x00000266bafe9000, 0x00000266c12ee000, 0x00000266c39c0000, 0x00000266ba5ce000,
0x00000266be31a000, 0x00000266ba5d0000, 0x00000266c12ec800, 0x00000266be317000,
0x00000266bafee800, 0x00000266bafec800, 0x00000266baff0800, 0x00000266bafea800,
0x00000266baff3800, 0x00000266be313800, 0x00000266be30f800, 0x00000266be310800,
0x00000266be313000, 0x00000266be312000, 0x00000266be30e800, 0x00000266be317800,
0x00000266be315800, 0x00000266be318800, 0x00000266be319800, 0x00000266be314800,
0x00000266be31c000, 0x00000266be31b000, 0x00000266be316000, 0x00000266be31c800,
0x00000266be31d800, 0x00000266ba5cc800, 0x00000266ba5d0800, 0x00000266ba5d1800,
0x00000266ba5d3000, 0x00000266ba5d4000, 0x00000266ba5d4800, 0x00000266c39c3800,
0x00000266c39be800, 0x00000266c12f5800, 0x00000266c12f9800, 0x00000266c12f0000,
0x00000266c12fb000, 0x00000266b8a3b000, 0x00000266b8a37800
}

Java Threads: ( => current thread )
  0x0000026699a2c000 JavaThread "main" [_thread_blocked, id=5712, stack(0x000000790a200000,0x000000790a300000)]
  0x00000266b559f000 JavaThread "Reference Handler" daemon [_thread_blocked, id=10328, stack(0x000000790a900000,0x000000790aa00000)]
  0x00000266b55a9000 JavaThread "Finalizer" daemon [_thread_blocked, id=5244, stack(0x000000790aa00000,0x000000790ab00000)]
  0x00000266b55bc000 JavaThread "Signal Dispatcher" daemon [_thread_blocked, id=5540, stack(0x000000790ab00000,0x000000790ac00000)]
  0x00000266b55bd000 JavaThread "Attach Listener" daemon [_thread_blocked, id=10580, stack(0x000000790ac00000,0x000000790ad00000)]
  0x00000266b55be800 JavaThread "Service Thread" daemon [_thread_blocked, id=10704, stack(0x000000790ad00000,0x000000790ae00000)]
  0x00000266b55c1800 JavaThread "C2 CompilerThread0" daemon [_thread_in_native, id=10980, stack(0x000000790ae00000,0x000000790af00000)]
  0x00000266b55c4800 JavaThread "C1 CompilerThread0" daemon [_thread_blocked, id=1136, stack(0x000000790af00000,0x000000790b000000)]
  0x00000266b560e000 JavaThread "Sweeper thread" daemon [_thread_blocked, id=10804, stack(0x000000790b000000,0x000000790b100000)]
  0x00000266b6095000 JavaThread "Common-Cleaner" daemon [_thread_blocked, id=10156, stack(0x000000790b100000,0x000000790b200000)]
  0x00000266b7240800 JavaThread "Daemon health stats" [_thread_blocked, id=6384, stack(0x000000790b400000,0x000000790b500000)]
  0x00000266b7157800 JavaThread "Incoming local TCP Connector on port 55375" [_thread_in_native, id=1660, stack(0x000000790b500000,0x000000790b600000)]
  0x00000266b74d9800 JavaThread "Daemon periodic checks" [_thread_blocked, id=4908, stack(0x000000790b600000,0x000000790b700000)]
  0x00000266b7a3d800 JavaThread "Cache worker for file hash cache (C:\Users\Hampash\.gradle\caches\7.0.2\fileHashes)" [_thread_blocked, id=10772, stack(0x000000790c000000,0x000000790c100000)]
  0x00000266b7a3c000 JavaThread "File lock request listener" [_thread_in_native, id=2340, stack(0x000000790c100000,0x000000790c200000)]
  0x00000266b7a3c800 JavaThread "Cache worker for journal cache (C:\Users\Hampash\.gradle\caches\journal-1)" [_thread_blocked, id=10700, stack(0x000000790c200000,0x000000790c300000)]
  0x00000266b7a3e000 JavaThread "File watcher server" daemon [_thread_in_native, id=10736, stack(0x000000790c400000,0x000000790c500000)]
  0x00000266b7a38800 JavaThread "File watcher consumer" daemon [_thread_blocked, id=3304, stack(0x000000790c500000,0x000000790c600000)]
  0x00000266b8a33800 JavaThread "Cache worker for execution history cache (C:\Users\Hampash\.gradle\caches\7.0.2\executionHistory)" [_thread_blocked, id=10788, stack(0x000000790c900000,0x000000790ca00000)]
  0x00000266b8a36000 JavaThread "Cache worker for kotlin-dsl (C:\Users\Hampash\.gradle\caches\7.0.2\kotlin-dsl)" [_thread_blocked, id=3220, stack(0x000000790ca00000,0x000000790cb00000)]
  0x00000266b8a32800 JavaThread "jar transforms" [_thread_blocked, id=2808, stack(0x000000790cb00000,0x000000790cc00000)]
  0x00000266b8a3b800 JavaThread "jar transforms Thread 2" [_thread_blocked, id=10620, stack(0x000000790ce00000,0x000000790cf00000)]
  0x00000266b8a3f000 JavaThread "jar transforms Thread 3" [_thread_blocked, id=8652, stack(0x000000790d300000,0x000000790d400000)]
  0x00000266b8a3e000 JavaThread "jar transforms Thread 4" [_thread_blocked, id=6992, stack(0x000000790d400000,0x000000790d500000)]
  0x00000266b8a3d800 JavaThread "Cache worker for file content cache (C:\Users\Hampash\.gradle\caches\7.0.2\fileContent)" [_thread_blocked, id=6872, stack(0x000000790d500000,0x000000790d600000)]
  0x00000266b8a41800 JavaThread "Memory manager" [_thread_blocked, id=8680, stack(0x000000790d600000,0x000000790d700000)]
  0x00000266b8a40800 JavaThread "pool-3-thread-1" [_thread_blocked, id=8948, stack(0x000000790d800000,0x000000790d900000)]
  0x00000266bafeb800 JavaThread "pool-6-thread-1" [_thread_blocked, id=10856, stack(0x000000790d700000,0x000000790d800000)]
  0x00000266b8a3a000 JavaThread "pool-9-thread-1" [_thread_blocked, id=5940, stack(0x000000790da00000,0x000000790db00000)]
  0x00000266b7a3f000 JavaThread "RMI Scheduler(0)" daemon [_thread_blocked, id=11368, stack(0x000000790e200000,0x000000790e300000)]
  0x00000266b7a3a000 JavaThread "RMI GC Daemon" daemon [_thread_blocked, id=11376, stack(0x000000790e400000,0x000000790e500000)]
  0x00000266b7a3b000 JavaThread "RMI TCP Accept-0" daemon [_thread_in_native, id=11384, stack(0x000000790e500000,0x000000790e600000)]
  0x00000266baff5000 JavaThread "RMI Reaper" [_thread_blocked, id=11388, stack(0x000000790e600000,0x000000790e700000)]
  0x00000266bafe7800 JavaThread "pool-12-thread-1" [_thread_blocked, id=4516, stack(0x000000790db00000,0x000000790dc00000)]
  0x00000266baff4800 JavaThread "Cache worker for Java compile cache (C:\Users\Hampash\.gradle\caches\7.0.2\javaCompile)" [_thread_blocked, id=2348, stack(0x000000790eb00000,0x000000790ec00000)]
  0x00000266c12f3000 JavaThread "pool-16-thread-1" [_thread_blocked, id=4604, stack(0x000000790dc00000,0x000000790dd00000)]
  0x00000266bafe8000 JavaThread "pool-20-thread-1" [_thread_blocked, id=3252, stack(0x000000790dd00000,0x000000790de00000)]
  0x00000266bafea000 JavaThread "pool-24-thread-1" [_thread_blocked, id=4740, stack(0x000000790e000000,0x000000790e100000)]
  0x00000266c12fa800 JavaThread "pool-27-thread-1" [_thread_blocked, id=11988, stack(0x000000790e100000,0x000000790e200000)]
  0x00000266c12f9000 JavaThread "pool-31-thread-1" [_thread_blocked, id=9428, stack(0x000000790e300000,0x000000790e400000)]
  0x00000266c12f4800 JavaThread "pool-34-thread-1" [_thread_blocked, id=6400, stack(0x000000790e700000,0x000000790e800000)]
  0x00000266c12f2000 JavaThread "pool-37-thread-1" [_thread_blocked, id=6312, stack(0x000000790e800000,0x000000790e900000)]
  0x00000266c12f4000 JavaThread "pool-40-thread-1" [_thread_blocked, id=11712, stack(0x000000790e900000,0x000000790ea00000)]
  0x00000266bafe6800 JavaThread "pool-43-thread-1" [_thread_blocked, id=6328, stack(0x000000790ea00000,0x000000790eb00000)]
  0x00000266baff2000 JavaThread "pool-47-thread-1" [_thread_blocked, id=11244, stack(0x000000790de00000,0x000000790df00000)]
  0x00000266ba5d9000 JavaThread "pool-51-thread-1" [_thread_blocked, id=11708, stack(0x000000790df00000,0x000000790e000000)]
  0x00000266ba5cd800 JavaThread "pool-55-thread-1" [_thread_blocked, id=5112, stack(0x000000790ec00000,0x000000790ed00000)]
  0x00000266ba5d8000 JavaThread "pool-59-thread-1" [_thread_blocked, id=11860, stack(0x000000790ed00000,0x000000790ee00000)]
  0x00000266ba5d5800 JavaThread "pool-63-thread-1" [_thread_blocked, id=4468, stack(0x000000790ee00000,0x000000790ef00000)]
  0x00000266ba5cf000 JavaThread "pool-68-thread-1" [_thread_blocked, id=9712, stack(0x000000790ef00000,0x000000790f000000)]
  0x00000266ba5d6800 JavaThread "pool-71-thread-1" [_thread_blocked, id=7096, stack(0x000000790f000000,0x000000790f100000)]
  0x00000266c12f7000 JavaThread "pool-75-thread-1" [_thread_blocked, id=2936, stack(0x000000790f100000,0x000000790f200000)]
  0x00000266c12ed800 JavaThread "pool-79-thread-1" [_thread_blocked, id=2496, stack(0x000000790f200000,0x000000790f300000)]
  0x00000266c39bf000 JavaThread "pool-82-thread-1" [_thread_blocked, id=4640, stack(0x000000790f300000,0x000000790f400000)]
  0x00000266c39bd800 JavaThread "pool-87-thread-1" [_thread_blocked, id=11844, stack(0x000000790f500000,0x000000790f600000)]
  0x00000266c39c2800 JavaThread "pool-90-thread-1" [_thread_blocked, id=11952, stack(0x000000790f400000,0x000000790f500000)]
  0x00000266bafe9000 JavaThread "pool-94-thread-1" [_thread_blocked, id=11532, stack(0x000000790f600000,0x000000790f700000)]
  0x00000266c12ee000 JavaThread "pool-98-thread-1" [_thread_blocked, id=9524, stack(0x000000790f700000,0x000000790f800000)]
  0x00000266c39c0000 JavaThread "pool-102-thread-1" [_thread_blocked, id=6640, stack(0x000000790f800000,0x000000790f900000)]
  0x00000266ba5ce000 JavaThread "pool-106-thread-1" [_thread_blocked, id=13172, stack(0x000000790f900000,0x000000790fa00000)]
  0x00000266be31a000 JavaThread "pool-110-thread-1" [_thread_blocked, id=12728, stack(0x000000790fa00000,0x000000790fb00000)]
  0x00000266ba5d0000 JavaThread "pool-115-thread-1" [_thread_blocked, id=5724, stack(0x000000790fb00000,0x000000790fc00000)]
  0x00000266c12ec800 JavaThread "ForkJoinPool.commonPool-worker-5" daemon [_thread_blocked, id=4980, stack(0x0000007910a00000,0x0000007910b00000)]
  0x00000266be317000 JavaThread "pool-120-thread-1" [_thread_blocked, id=1624, stack(0x000000790fc00000,0x000000790fd00000)]
  0x00000266bafee800 JavaThread "Daemon Thread 19" [_thread_blocked, id=11760, stack(0x000000790b700000,0x000000790b800000)]
  0x00000266bafec800 JavaThread "Handler for socket connection from /127.0.0.1:55375 to /127.0.0.1:52381" [_thread_in_native, id=12564, stack(0x000000790b800000,0x000000790b900000)]
  0x00000266baff0800 JavaThread "Cancel handler" [_thread_blocked, id=1620, stack(0x000000790b900000,0x000000790ba00000)]
  0x00000266bafea800 JavaThread "Daemon worker Thread 19" [_thread_in_native, id=9832, stack(0x000000790ba00000,0x000000790bb00000)]
  0x00000266baff3800 JavaThread "Asynchronous log dispatcher for DefaultDaemonConnection: socket connection from /127.0.0.1:55375 to /127.0.0.1:52381" [_thread_blocked, id=12932, stack(0x000000790bb00000,0x000000790bc00000)]
  0x00000266be313800 JavaThread "Daemon client event forwarder" [_thread_blocked, id=2236, stack(0x000000790bd00000,0x000000790be00000)]
  0x00000266be30f800 JavaThread "Cache worker for file hash cache (G:\TeachWeather\.gradle\7.0.2\fileHashes)" [_thread_blocked, id=3548, stack(0x000000790c300000,0x000000790c400000)]
  0x00000266be310800 JavaThread "Cache worker for checksums cache (G:\TeachWeather\.gradle\checksums)" [_thread_blocked, id=2544, stack(0x000000790c600000,0x000000790c700000)]
  0x00000266be313000 JavaThread "Cache worker for cache directory md-supplier (C:\Users\Hampash\.gradle\caches\7.0.2\md-supplier)" [_thread_blocked, id=7248, stack(0x000000790c700000,0x000000790c800000)]
  0x00000266be312000 JavaThread "Cache worker for cache directory md-rule (C:\Users\Hampash\.gradle\caches\7.0.2\md-rule)" [_thread_blocked, id=1708, stack(0x000000790c800000,0x000000790c900000)]
  0x00000266be30e800 JavaThread "Cache worker for dependencies-accessors (G:\TeachWeather\.gradle\7.0.2\dependencies-accessors)" [_thread_blocked, id=13244, stack(0x000000790cc00000,0x000000790cd00000)]
  0x00000266be317800 JavaThread "Cache worker for Build Output Cleanup Cache (G:\TeachWeather\.gradle\buildOutputCleanup)" [_thread_blocked, id=6136, stack(0x000000790cd00000,0x000000790ce00000)]
  0x00000266be315800 JavaThread "Build operations" [_thread_blocked, id=1880, stack(0x000000790cf00000,0x000000790d000000)]
  0x00000266be318800 JavaThread "Build operations Thread 2" [_thread_blocked, id=12652, stack(0x000000790d000000,0x000000790d100000)]
  0x00000266be319800 JavaThread "Build operations Thread 3" [_thread_blocked, id=13096, stack(0x000000790d100000,0x000000790d200000)]
  0x00000266be314800 JavaThread "Build operations Thread 4" [_thread_blocked, id=12836, stack(0x000000790d200000,0x000000790d300000)]
  0x00000266be31c000 JavaThread "build event listener" [_thread_blocked, id=12820, stack(0x000000790d900000,0x000000790da00000)]
  0x00000266be31b000 JavaThread "pool-124-thread-1" [_thread_blocked, id=12608, stack(0x000000790fd00000,0x000000790fe00000)]
  0x00000266be316000 JavaThread "build event listener" [_thread_blocked, id=11504, stack(0x000000790fe00000,0x000000790ff00000)]
  0x00000266be31c800 JavaThread "Execution worker for ':'" [_thread_blocked, id=12344, stack(0x000000790ff00000,0x0000007910000000)]
  0x00000266be31d800 JavaThread "Execution worker for ':' Thread 2" [_thread_blocked, id=13152, stack(0x0000007910000000,0x0000007910100000)]
  0x00000266ba5cc800 JavaThread "Execution worker for ':' Thread 3" [_thread_blocked, id=11928, stack(0x0000007910100000,0x0000007910200000)]
  0x00000266ba5d0800 JavaThread "Cache worker for execution history cache (G:\TeachWeather\.gradle\7.0.2\executionHistory)" [_thread_blocked, id=12320, stack(0x0000007910200000,0x0000007910300000)]
  0x00000266ba5d1800 JavaThread "WorkerExecutor Queue" [_thread_blocked, id=1168, stack(0x0000007910300000,0x0000007910400000)]
  0x00000266ba5d3000 JavaThread "pool-125-thread-1" [_thread_blocked, id=12952, stack(0x0000007910500000,0x0000007910600000)]
  0x00000266ba5d4000 JavaThread "stderr" [_thread_in_native, id=11848, stack(0x0000007910600000,0x0000007910700000)]
  0x00000266ba5d4800 JavaThread "stdout" [_thread_in_native, id=12692, stack(0x0000007910700000,0x0000007910800000)]
  0x00000266c39c3800 JavaThread "RMI TCP Connection(idle)" daemon [_thread_blocked, id=10412, stack(0x0000007910900000,0x0000007910a00000)]
  0x00000266c39be800 JavaThread "RMI TCP Connection(idle)" daemon [_thread_blocked, id=10808, stack(0x0000007910b00000,0x0000007910c00000)]
  0x00000266c12f5800 JavaThread "WorkerExecutor Queue Thread 3" [_thread_blocked, id=12384, stack(0x0000007910c00000,0x0000007910d00000)]
  0x00000266c12f9800 JavaThread "Cache worker for Java compile cache (G:\TeachWeather\.gradle\7.0.2\javaCompile)" [_thread_blocked, id=5412, stack(0x000000790bc00000,0x000000790bd00000)]
  0x00000266c12f0000 JavaThread "WorkerExecutor Queue Thread 4" [_thread_blocked, id=8352, stack(0x0000007910400000,0x0000007910500000)]
  0x00000266c12fb000 JavaThread "WorkerExecutor Queue Thread 5" [_thread_blocked, id=2136, stack(0x0000007910800000,0x0000007910900000)]
  0x00000266b8a3b000 JavaThread "WorkerExecutor Queue Thread 6" [_thread_blocked, id=13248, stack(0x0000007910d00000,0x0000007910e00000)]
=>0x00000266b8a37800 JavaThread "C2 CompilerThread1" daemon [_thread_in_native, id=5648, stack(0x0000007910e00000,0x0000007910f00000)]

Other Threads:
  0x00000266b559a800 VMThread "VM Thread" [stack: 0x000000790a800000,0x000000790a900000] [id=10400]
  0x00000266b60a4800 WatcherThread [stack: 0x000000790b200000,0x000000790b300000] [id=10372]
  0x0000026699ab5000 GCTaskThread "GC Thread#0" [stack: 0x000000790a300000,0x000000790a400000] [id=5748]
  0x00000266b6781000 GCTaskThread "GC Thread#1" [stack: 0x000000790b300000,0x000000790b400000] [id=10852]
  0x00000266b72c8800 GCTaskThread "GC Thread#2" [stack: 0x000000790be00000,0x000000790bf00000] [id=7068]
  0x00000266b81af800 GCTaskThread "GC Thread#3" [stack: 0x000000790bf00000,0x000000790c000000] [id=9312]
  0x0000026699ae7000 ConcurrentGCThread "G1 Main Marker" [stack: 0x000000790a400000,0x000000790a500000] [id=7188]
  0x0000026699ae8000 ConcurrentGCThread "G1 Conc#0" [stack: 0x000000790a500000,0x000000790a600000] [id=2724]
  0x0000026699b41000 ConcurrentGCThread "G1 Refine#0" [stack: 0x000000790a600000,0x000000790a700000] [id=10636]
  0x0000026699b42000 ConcurrentGCThread "G1 Young RemSet Sampling" [stack: 0x000000790a700000,0x000000790a800000] [id=6484]

Threads with active compile tasks:
C2 CompilerThread06906892 40461       4       com.android.tools.r8.graph.G0::a (2521 bytes)
C2 CompilerThread16906892 40519 %     4       com.android.tools.r8.internal.Kv::a @ 55 (430 bytes)

VM state:not at safepoint (normal execution)

VM Mutex/Monitor currently owned by a thread: None

Heap address: 0x0000000080000000, size: 2048 MB, Compressed Oops mode: 32-bit
Narrow klass base: 0x0000000000000000, Narrow klass shift: 3
Compressed class space size: 1073741824 Address: 0x0000000100000000

Heap:
 garbage-first heap   total 346112K, used 179831K [0x0000000080000000, 0x0000000100000000)
  region size 1024K, 21 young (21504K), 12 survivors (12288K)
 Metaspace       used 182628K, capacity 188261K, committed 192384K, reserved 1216512K
  class space    used 21924K, capacity 23908K, committed 24960K, reserved 1048576K
Heap Regions: E=young(eden), S=young(survivor), O=old, HS=humongous(starts), HC=humongous(continues), CS=collection set, F=free, A=archive, TAMS=top-at-mark-start (previous, next)
|   0|0x0000000080000000, 0x0000000080100000, 0x0000000080100000|100%| O|  |TAMS 0x0000000080100000, 0x0000000080000000| Untracked 
|   1|0x0000000080100000, 0x0000000080200000, 0x0000000080200000|100%| O|  |TAMS 0x0000000080200000, 0x0000000080100000| Untracked 
|   2|0x0000000080200000, 0x0000000080300000, 0x0000000080300000|100%| O|  |TAMS 0x0000000080300000, 0x0000000080200000| Untracked 
|   3|0x0000000080300000, 0x0000000080400000, 0x0000000080400000|100%|HS|  |TAMS 0x0000000080400000, 0x0000000080300000| Complete 
|   4|0x0000000080400000, 0x0000000080500000, 0x0000000080500000|100%|HC|  |TAMS 0x0000000080500000, 0x0000000080400000| Complete 
|   5|0x0000000080500000, 0x0000000080600000, 0x0000000080600000|100%|HC|  |TAMS 0x0000000080600000, 0x0000000080500000| Complete 
|   6|0x0000000080600000, 0x0000000080700000, 0x0000000080700000|100%| O|  |TAMS 0x0000000080700000, 0x0000000080600000| Untracked 
|   7|0x0000000080700000, 0x0000000080800000, 0x0000000080800000|100%| O|  |TAMS 0x0000000080800000, 0x0000000080700000| Untracked 
|   8|0x0000000080800000, 0x0000000080900000, 0x0000000080900000|100%| O|  |TAMS 0x0000000080900000, 0x0000000080800000| Untracked 
|   9|0x0000000080900000, 0x0000000080a00000, 0x0000000080a00000|100%| O|  |TAMS 0x0000000080a00000, 0x0000000080900000| Untracked 
|  10|0x0000000080a00000, 0x0000000080b00000, 0x0000000080b00000|100%| O|  |TAMS 0x0000000080b00000, 0x0000000080a00000| Untracked 
|  11|0x0000000080b00000, 0x0000000080c00000, 0x0000000080c00000|100%| O|  |TAMS 0x0000000080c00000, 0x0000000080b00000| Untracked 
|  12|0x0000000080c00000, 0x0000000080d00000, 0x0000000080d00000|100%| O|  |TAMS 0x0000000080d00000, 0x0000000080c00000| Untracked 
|  13|0x0000000080d00000, 0x0000000080e00000, 0x0000000080e00000|100%| O|  |TAMS 0x0000000080e00000, 0x0000000080d00000| Untracked 
|  14|0x0000000080e00000, 0x0000000080f00000, 0x0000000080f00000|100%| O|  |TAMS 0x0000000080f00000, 0x0000000080e00000| Untracked 
|  15|0x0000000080f00000, 0x0000000081000000, 0x0000000081000000|100%| O|  |TAMS 0x0000000081000000, 0x0000000080f00000| Untracked 
|  16|0x0000000081000000, 0x0000000081100000, 0x0000000081100000|100%| O|  |TAMS 0x0000000081100000, 0x0000000081000000| Untracked 
|  17|0x0000000081100000, 0x0000000081200000, 0x0000000081200000|100%| O|  |TAMS 0x0000000081200000, 0x0000000081100000| Untracked 
|  18|0x0000000081200000, 0x0000000081300000, 0x0000000081300000|100%| O|  |TAMS 0x0000000081300000, 0x0000000081200000| Untracked 
|  19|0x0000000081300000, 0x0000000081400000, 0x0000000081400000|100%| O|  |TAMS 0x0000000081400000, 0x0000000081300000| Untracked 
|  20|0x0000000081400000, 0x0000000081500000, 0x0000000081500000|100%| O|  |TAMS 0x0000000081500000, 0x0000000081400000| Untracked 
|  21|0x0000000081500000, 0x0000000081600000, 0x0000000081600000|100%| O|  |TAMS 0x0000000081600000, 0x0000000081500000| Untracked 
|  22|0x0000000081600000, 0x0000000081700000, 0x0000000081700000|100%| O|  |TAMS 0x0000000081700000, 0x0000000081600000| Untracked 
|  23|0x0000000081700000, 0x0000000081800000, 0x0000000081800000|100%| O|  |TAMS 0x0000000081800000, 0x0000000081700000| Untracked 
|  24|0x0000000081800000, 0x0000000081900000, 0x0000000081900000|100%| O|  |TAMS 0x0000000081900000, 0x0000000081800000| Untracked 
|  25|0x0000000081900000, 0x0000000081a00000, 0x0000000081a00000|100%| O|  |TAMS 0x0000000081a00000, 0x0000000081900000| Untracked 
|  26|0x0000000081a00000, 0x0000000081b00000, 0x0000000081b00000|100%| O|  |TAMS 0x0000000081b00000, 0x0000000081a00000| Untracked 
|  27|0x0000000081b00000, 0x0000000081c00000, 0x0000000081c00000|100%| O|  |TAMS 0x0000000081c00000, 0x0000000081b00000| Untracked 
|  28|0x0000000081c00000, 0x0000000081d00000, 0x0000000081d00000|100%| O|  |TAMS 0x0000000081d00000, 0x0000000081c00000| Untracked 
|  29|0x0000000081d00000, 0x0000000081e00000, 0x0000000081e00000|100%| O|  |TAMS 0x0000000081e00000, 0x0000000081d00000| Untracked 
|  30|0x0000000081e00000, 0x0000000081f00000, 0x0000000081f00000|100%| O|  |TAMS 0x0000000081f00000, 0x0000000081e00000| Untracked 
|  31|0x0000000081f00000, 0x0000000082000000, 0x0000000082000000|100%| O|  |TAMS 0x0000000082000000, 0x0000000081f00000| Untracked 
|  32|0x0000000082000000, 0x0000000082100000, 0x0000000082100000|100%| O|  |TAMS 0x0000000082100000, 0x0000000082000000| Untracked 
|  33|0x0000000082100000, 0x0000000082200000, 0x0000000082200000|100%|HS|  |TAMS 0x0000000082200000, 0x0000000082100000| Complete 
|  34|0x0000000082200000, 0x0000000082300000, 0x0000000082300000|100%|HS|  |TAMS 0x0000000082300000, 0x0000000082200000| Complete 
|  35|0x0000000082300000, 0x0000000082400000, 0x0000000082400000|100%| O|  |TAMS 0x0000000082400000, 0x0000000082300000| Untracked 
|  36|0x0000000082400000, 0x0000000082500000, 0x0000000082500000|100%| O|  |TAMS 0x0000000082500000, 0x0000000082400000| Untracked 
|  37|0x0000000082500000, 0x0000000082600000, 0x0000000082600000|100%|HS|  |TAMS 0x0000000082600000, 0x0000000082500000| Complete 
|  38|0x0000000082600000, 0x0000000082700000, 0x0000000082700000|100%| O|  |TAMS 0x0000000082700000, 0x0000000082600000| Untracked 
|  39|0x0000000082700000, 0x0000000082800000, 0x0000000082800000|100%| O|  |TAMS 0x0000000082800000, 0x0000000082700000| Untracked 
|  40|0x0000000082800000, 0x0000000082900000, 0x0000000082900000|100%|HS|  |TAMS 0x0000000082900000, 0x0000000082800000| Complete 
|  41|0x0000000082900000, 0x0000000082a00000, 0x0000000082a00000|100%|HC|  |TAMS 0x0000000082a00000, 0x0000000082900000| Complete 
|  42|0x0000000082a00000, 0x0000000082b00000, 0x0000000082b00000|100%|HC|  |TAMS 0x0000000082b00000, 0x0000000082a00000| Complete 
|  43|0x0000000082b00000, 0x0000000082c00000, 0x0000000082c00000|100%| O|  |TAMS 0x0000000082c00000, 0x0000000082b00000| Untracked 
|  44|0x0000000082c00000, 0x0000000082d00000, 0x0000000082d00000|100%| O|  |TAMS 0x0000000082d00000, 0x0000000082c00000| Untracked 
|  45|0x0000000082d00000, 0x0000000082e00000, 0x0000000082e00000|100%|HS|  |TAMS 0x0000000082e00000, 0x0000000082d00000| Complete 
|  46|0x0000000082e00000, 0x0000000082f00000, 0x0000000082f00000|100%|HC|  |TAMS 0x0000000082f00000, 0x0000000082e00000| Complete 
|  47|0x0000000082f00000, 0x0000000083000000, 0x0000000083000000|100%| O|  |TAMS 0x0000000083000000, 0x0000000082f00000| Untracked 
|  48|0x0000000083000000, 0x0000000083100000, 0x0000000083100000|100%| O|  |TAMS 0x0000000083100000, 0x0000000083000000| Untracked 
|  49|0x0000000083100000, 0x0000000083200000, 0x0000000083200000|100%| O|  |TAMS 0x0000000083200000, 0x0000000083100000| Untracked 
|  50|0x0000000083200000, 0x0000000083300000, 0x0000000083300000|100%| O|  |TAMS 0x0000000083300000, 0x0000000083200000| Untracked 
|  51|0x0000000083300000, 0x0000000083400000, 0x0000000083400000|100%| O|  |TAMS 0x0000000083400000, 0x0000000083300000| Untracked 
|  52|0x0000000083400000, 0x0000000083500000, 0x0000000083500000|100%| O|  |TAMS 0x0000000083500000, 0x0000000083400000| Untracked 
|  53|0x0000000083500000, 0x0000000083600000, 0x0000000083600000|100%| O|  |TAMS 0x0000000083600000, 0x0000000083500000| Untracked 
|  54|0x0000000083600000, 0x0000000083700000, 0x0000000083700000|100%| O|  |TAMS 0x0000000083700000, 0x0000000083600000| Untracked 
|  55|0x0000000083700000, 0x0000000083800000, 0x0000000083800000|100%| O|  |TAMS 0x0000000083800000, 0x0000000083700000| Untracked 
|  56|0x0000000083800000, 0x0000000083900000, 0x0000000083900000|100%| O|  |TAMS 0x0000000083900000, 0x0000000083800000| Untracked 
|  57|0x0000000083900000, 0x0000000083a00000, 0x0000000083a00000|100%| O|  |TAMS 0x0000000083a00000, 0x0000000083900000| Untracked 
|  58|0x0000000083a00000, 0x0000000083b00000, 0x0000000083b00000|100%| O|  |TAMS 0x0000000083b00000, 0x0000000083a00000| Untracked 
|  59|0x0000000083b00000, 0x0000000083c00000, 0x0000000083c00000|100%| O|  |TAMS 0x0000000083c00000, 0x0000000083b00000| Untracked 
|  60|0x0000000083c00000, 0x0000000083d00000, 0x0000000083d00000|100%| O|  |TAMS 0x0000000083d00000, 0x0000000083c00000| Untracked 
|  61|0x0000000083d00000, 0x0000000083e00000, 0x0000000083e00000|100%| O|  |TAMS 0x0000000083e00000, 0x0000000083d00000| Untracked 
|  62|0x0000000083e00000, 0x0000000083f00000, 0x0000000083f00000|100%| O|  |TAMS 0x0000000083f00000, 0x0000000083e00000| Untracked 
|  63|0x0000000083f00000, 0x0000000084000000, 0x0000000084000000|100%| O|  |TAMS 0x0000000084000000, 0x0000000083f00000| Untracked 
|  64|0x0000000084000000, 0x0000000084100000, 0x0000000084100000|100%| O|  |TAMS 0x0000000084100000, 0x0000000084000000| Untracked 
|  65|0x0000000084100000, 0x0000000084200000, 0x0000000084200000|100%| O|  |TAMS 0x0000000084200000, 0x0000000084100000| Untracked 
|  66|0x0000000084200000, 0x0000000084300000, 0x0000000084300000|100%| O|  |TAMS 0x0000000084300000, 0x0000000084200000| Untracked 
|  67|0x0000000084300000, 0x0000000084400000, 0x0000000084400000|100%| O|  |TAMS 0x0000000084400000, 0x0000000084300000| Untracked 
|  68|0x0000000084400000, 0x0000000084500000, 0x0000000084500000|100%| O|  |TAMS 0x0000000084500000, 0x0000000084400000| Untracked 
|  69|0x0000000084500000, 0x0000000084600000, 0x0000000084600000|100%| O|  |TAMS 0x0000000084600000, 0x0000000084500000| Untracked 
|  70|0x0000000084600000, 0x0000000084700000, 0x0000000084700000|100%| O|  |TAMS 0x0000000084700000, 0x0000000084600000| Untracked 
|  71|0x0000000084700000, 0x0000000084800000, 0x0000000084800000|100%| O|  |TAMS 0x0000000084800000, 0x0000000084700000| Untracked 
|  72|0x0000000084800000, 0x0000000084900000, 0x0000000084900000|100%| O|  |TAMS 0x0000000084900000, 0x0000000084800000| Untracked 
|  73|0x0000000084900000, 0x0000000084a00000, 0x0000000084a00000|100%| O|  |TAMS 0x0000000084a00000, 0x0000000084900000| Untracked 
|  74|0x0000000084a00000, 0x0000000084b00000, 0x0000000084b00000|100%| O|  |TAMS 0x0000000084b00000, 0x0000000084a00000| Untracked 
|  75|0x0000000084b00000, 0x0000000084c00000, 0x0000000084c00000|100%| O|  |TAMS 0x0000000084c00000, 0x0000000084b00000| Untracked 
|  76|0x0000000084c00000, 0x0000000084d00000, 0x0000000084d00000|100%| O|  |TAMS 0x0000000084d00000, 0x0000000084c00000| Untracked 
|  77|0x0000000084d00000, 0x0000000084e00000, 0x0000000084e00000|100%| O|  |TAMS 0x0000000084e00000, 0x0000000084d00000| Untracked 
|  78|0x0000000084e00000, 0x0000000084f00000, 0x0000000084f00000|100%| O|  |TAMS 0x0000000084f00000, 0x0000000084e00000| Untracked 
|  79|0x0000000084f00000, 0x0000000085000000, 0x0000000085000000|100%| O|  |TAMS 0x0000000085000000, 0x0000000084f00000| Untracked 
|  80|0x0000000085000000, 0x0000000085100000, 0x0000000085100000|100%| O|  |TAMS 0x0000000085100000, 0x0000000085000000| Untracked 
|  81|0x0000000085100000, 0x0000000085200000, 0x0000000085200000|100%| O|  |TAMS 0x0000000085200000, 0x0000000085100000| Untracked 
|  82|0x0000000085200000, 0x0000000085300000, 0x0000000085300000|100%| O|  |TAMS 0x0000000085300000, 0x0000000085200000| Untracked 
|  83|0x0000000085300000, 0x0000000085400000, 0x0000000085400000|100%| O|  |TAMS 0x0000000085400000, 0x0000000085300000| Untracked 
|  84|0x0000000085400000, 0x0000000085500000, 0x0000000085500000|100%| O|  |TAMS 0x0000000085500000, 0x0000000085400000| Untracked 
|  85|0x0000000085500000, 0x0000000085600000, 0x0000000085600000|100%| O|  |TAMS 0x0000000085600000, 0x0000000085500000| Untracked 
|  86|0x0000000085600000, 0x0000000085700000, 0x0000000085700000|100%|HS|  |TAMS 0x0000000085700000, 0x0000000085600000| Complete 
|  87|0x0000000085700000, 0x0000000085800000, 0x0000000085800000|100%| O|  |TAMS 0x0000000085800000, 0x0000000085700000| Untracked 
|  88|0x0000000085800000, 0x0000000085900000, 0x0000000085900000|100%| O|  |TAMS 0x0000000085900000, 0x0000000085800000| Untracked 
|  89|0x0000000085900000, 0x0000000085a00000, 0x0000000085a00000|100%| O|  |TAMS 0x0000000085a00000, 0x0000000085900000| Untracked 
|  90|0x0000000085a00000, 0x0000000085b00000, 0x0000000085b00000|100%| O|  |TAMS 0x0000000085b00000, 0x0000000085a00000| Untracked 
|  91|0x0000000085b00000, 0x0000000085c00000, 0x0000000085c00000|100%| O|  |TAMS 0x0000000085c00000, 0x0000000085b00000| Untracked 
|  92|0x0000000085c00000, 0x0000000085d00000, 0x0000000085d00000|100%| O|  |TAMS 0x0000000085d00000, 0x0000000085c00000| Untracked 
|  93|0x0000000085d00000, 0x0000000085e00000, 0x0000000085e00000|100%| O|  |TAMS 0x0000000085e00000, 0x0000000085d00000| Untracked 
|  94|0x0000000085e00000, 0x0000000085f00000, 0x0000000085f00000|100%| O|  |TAMS 0x0000000085f00000, 0x0000000085e00000| Untracked 
|  95|0x0000000085f00000, 0x0000000086000000, 0x0000000086000000|100%| O|  |TAMS 0x0000000086000000, 0x0000000085f00000| Untracked 
|  96|0x0000000086000000, 0x0000000086100000, 0x0000000086100000|100%| O|  |TAMS 0x0000000086100000, 0x0000000086000000| Untracked 
|  97|0x0000000086100000, 0x0000000086200000, 0x0000000086200000|100%| O|  |TAMS 0x0000000086200000, 0x0000000086100000| Untracked 
|  98|0x0000000086200000, 0x0000000086300000, 0x0000000086300000|100%| O|  |TAMS 0x0000000086300000, 0x0000000086200000| Untracked 
|  99|0x0000000086300000, 0x0000000086400000, 0x0000000086400000|100%| O|  |TAMS 0x0000000086400000, 0x0000000086300000| Untracked 
| 100|0x0000000086400000, 0x0000000086500000, 0x0000000086500000|100%| O|  |TAMS 0x0000000086500000, 0x0000000086400000| Untracked 
| 101|0x0000000086500000, 0x0000000086600000, 0x0000000086600000|100%| O|  |TAMS 0x0000000086600000, 0x0000000086500000| Untracked 
| 102|0x0000000086600000, 0x0000000086700000, 0x0000000086700000|100%| O|  |TAMS 0x0000000086700000, 0x0000000086600000| Untracked 
| 103|0x0000000086700000, 0x0000000086800000, 0x0000000086800000|100%| O|  |TAMS 0x0000000086800000, 0x0000000086700000| Untracked 
| 104|0x0000000086800000, 0x0000000086900000, 0x0000000086900000|100%| O|  |TAMS 0x0000000086900000, 0x0000000086800000| Untracked 
| 105|0x0000000086900000, 0x0000000086a00000, 0x0000000086a00000|100%| O|  |TAMS 0x0000000086a00000, 0x0000000086900000| Untracked 
| 106|0x0000000086a00000, 0x0000000086b00000, 0x0000000086b00000|100%| O|  |TAMS 0x0000000086b00000, 0x0000000086a00000| Untracked 
| 107|0x0000000086b00000, 0x0000000086c00000, 0x0000000086c00000|100%| O|  |TAMS 0x0000000086c00000, 0x0000000086b00000| Untracked 
| 108|0x0000000086c00000, 0x0000000086d00000, 0x0000000086d00000|100%| O|  |TAMS 0x0000000086d00000, 0x0000000086c00000| Untracked 
| 109|0x0000000086d00000, 0x0000000086e00000, 0x0000000086e00000|100%| O|  |TAMS 0x0000000086e00000, 0x0000000086d00000| Untracked 
| 110|0x0000000086e00000, 0x0000000086f00000, 0x0000000086f00000|100%| O|  |TAMS 0x0000000086f00000, 0x0000000086e00000| Untracked 
| 111|0x0000000086f00000, 0x0000000087000000, 0x0000000087000000|100%| O|  |TAMS 0x0000000087000000, 0x0000000086f00000| Untracked 
| 112|0x0000000087000000, 0x0000000087100000, 0x0000000087100000|100%| O|  |TAMS 0x0000000087100000, 0x0000000087000000| Untracked 
| 113|0x0000000087100000, 0x0000000087200000, 0x0000000087200000|100%| O|  |TAMS 0x0000000087200000, 0x0000000087100000| Untracked 
| 114|0x0000000087200000, 0x0000000087300000, 0x0000000087300000|100%| O|  |TAMS 0x0000000087300000, 0x0000000087200000| Untracked 
| 115|0x0000000087300000, 0x0000000087400000, 0x0000000087400000|100%| O|  |TAMS 0x0000000087400000, 0x0000000087300000| Untracked 
| 116|0x0000000087400000, 0x0000000087500000, 0x0000000087500000|100%| O|  |TAMS 0x0000000087500000, 0x0000000087400000| Untracked 
| 117|0x0000000087500000, 0x0000000087600000, 0x0000000087600000|100%| O|  |TAMS 0x0000000087600000, 0x0000000087500000| Untracked 
| 118|0x0000000087600000, 0x0000000087700000, 0x0000000087700000|100%| O|  |TAMS 0x0000000087700000, 0x0000000087600000| Untracked 
| 119|0x0000000087700000, 0x0000000087800000, 0x0000000087800000|100%| O|  |TAMS 0x0000000087800000, 0x0000000087700000| Untracked 
| 120|0x0000000087800000, 0x0000000087900000, 0x0000000087900000|100%| O|  |TAMS 0x0000000087900000, 0x0000000087800000| Untracked 
| 121|0x0000000087900000, 0x0000000087a00000, 0x0000000087a00000|100%| O|  |TAMS 0x0000000087a00000, 0x0000000087900000| Untracked 
| 122|0x0000000087a00000, 0x0000000087a9dc00, 0x0000000087b00000| 61%| O|  |TAMS 0x0000000087a9dc00, 0x0000000087a00000| Untracked 
| 123|0x0000000087b00000, 0x0000000087c00000, 0x0000000087c00000|100%| O|  |TAMS 0x0000000087c00000, 0x0000000087b00000| Untracked 
| 124|0x0000000087c00000, 0x0000000087d00000, 0x0000000087d00000|100%|HS|  |TAMS 0x0000000087c00000, 0x0000000087c00000| Complete 
| 125|0x0000000087d00000, 0x0000000087e00000, 0x0000000087e00000|100%| O|  |TAMS 0x0000000087e00000, 0x0000000087d00000| Untracked 
| 126|0x0000000087e00000, 0x0000000087f00000, 0x0000000087f00000|100%| O|  |TAMS 0x0000000087f00000, 0x0000000087e00000| Untracked 
| 127|0x0000000087f00000, 0x0000000088000000, 0x0000000088000000|100%|HS|  |TAMS 0x0000000087f00000, 0x0000000087f00000| Complete 
| 128|0x0000000088000000, 0x0000000088000000, 0x0000000088100000|  0%| F|  |TAMS 0x0000000088000000, 0x0000000088000000| Untracked 
| 129|0x0000000088100000, 0x0000000088200000, 0x0000000088200000|100%| O|  |TAMS 0x0000000088200000, 0x0000000088100000| Untracked 
| 130|0x0000000088200000, 0x0000000088300000, 0x0000000088300000|100%| O|  |TAMS 0x0000000088300000, 0x0000000088200000| Untracked 
| 131|0x0000000088300000, 0x0000000088400000, 0x0000000088400000|100%| O|  |TAMS 0x0000000088400000, 0x0000000088300000| Untracked 
| 132|0x0000000088400000, 0x0000000088500000, 0x0000000088500000|100%| O|  |TAMS 0x0000000088500000, 0x0000000088400000| Untracked 
| 133|0x0000000088500000, 0x0000000088500000, 0x0000000088600000|  0%| F|  |TAMS 0x0000000088500000, 0x0000000088500000| Untracked 
| 134|0x0000000088600000, 0x0000000088600000, 0x0000000088700000|  0%| F|  |TAMS 0x0000000088600000, 0x0000000088600000| Untracked 
| 135|0x0000000088700000, 0x0000000088700000, 0x0000000088800000|  0%| F|  |TAMS 0x0000000088700000, 0x0000000088700000| Untracked 
| 136|0x0000000088800000, 0x0000000088900000, 0x0000000088900000|100%| O|  |TAMS 0x0000000088900000, 0x0000000088800000| Untracked 
| 137|0x0000000088900000, 0x0000000088900000, 0x0000000088a00000|  0%| F|  |TAMS 0x0000000088900000, 0x0000000088900000| Untracked 
| 138|0x0000000088a00000, 0x0000000088b00000, 0x0000000088b00000|100%| O|  |TAMS 0x0000000088b00000, 0x0000000088a00000| Untracked 
| 139|0x0000000088b00000, 0x0000000088c00000, 0x0000000088c00000|100%|HS|  |TAMS 0x0000000088c00000, 0x0000000088b00000| Complete 
| 140|0x0000000088c00000, 0x0000000088d00000, 0x0000000088d00000|100%|HC|  |TAMS 0x0000000088d00000, 0x0000000088c00000| Complete 
| 141|0x0000000088d00000, 0x0000000088e00000, 0x0000000088e00000|100%| O|  |TAMS 0x0000000088e00000, 0x0000000088d00000| Untracked 
| 142|0x0000000088e00000, 0x0000000088f00000, 0x0000000088f00000|100%| O|  |TAMS 0x0000000088f00000, 0x0000000088e00000| Untracked 
| 143|0x0000000088f00000, 0x0000000089000000, 0x0000000089000000|100%|HS|  |TAMS 0x0000000089000000, 0x0000000088f00000| Complete 
| 144|0x0000000089000000, 0x0000000089100000, 0x0000000089100000|100%|HC|  |TAMS 0x0000000089100000, 0x0000000089000000| Complete 
| 145|0x0000000089100000, 0x0000000089200000, 0x0000000089200000|100%|HC|  |TAMS 0x0000000089200000, 0x0000000089100000| Complete 
| 146|0x0000000089200000, 0x0000000089200000, 0x0000000089300000|  0%| F|  |TAMS 0x0000000089200000, 0x0000000089200000| Untracked 
| 147|0x0000000089300000, 0x0000000089400000, 0x0000000089400000|100%| O|  |TAMS 0x0000000089400000, 0x0000000089300000| Untracked 
| 148|0x0000000089400000, 0x0000000089400000, 0x0000000089500000|  0%| F|  |TAMS 0x0000000089400000, 0x0000000089400000| Untracked 
| 149|0x0000000089500000, 0x0000000089500000, 0x0000000089600000|  0%| F|  |TAMS 0x0000000089500000, 0x0000000089500000| Untracked 
| 150|0x0000000089600000, 0x0000000089600000, 0x0000000089700000|  0%| F|  |TAMS 0x0000000089600000, 0x0000000089600000| Untracked 
| 151|0x0000000089700000, 0x0000000089800000, 0x0000000089800000|100%| O|  |TAMS 0x0000000089800000, 0x0000000089700000| Untracked 
| 152|0x0000000089800000, 0x0000000089800000, 0x0000000089900000|  0%| F|  |TAMS 0x0000000089800000, 0x0000000089800000| Untracked 
| 153|0x0000000089900000, 0x0000000089a00000, 0x0000000089a00000|100%| O|  |TAMS 0x0000000089a00000, 0x0000000089900000| Untracked 
| 154|0x0000000089a00000, 0x0000000089b00000, 0x0000000089b00000|100%| O|  |TAMS 0x0000000089b00000, 0x0000000089a00000| Untracked 
| 155|0x0000000089b00000, 0x0000000089b00000, 0x0000000089c00000|  0%| F|  |TAMS 0x0000000089b00000, 0x0000000089b00000| Untracked 
| 156|0x0000000089c00000, 0x0000000089d00000, 0x0000000089d00000|100%| O|  |TAMS 0x0000000089d00000, 0x0000000089c00000| Untracked 
| 157|0x0000000089d00000, 0x0000000089e00000, 0x0000000089e00000|100%| O|  |TAMS 0x0000000089e00000, 0x0000000089d00000| Untracked 
| 158|0x0000000089e00000, 0x0000000089e00000, 0x0000000089f00000|  0%| F|  |TAMS 0x0000000089e00000, 0x0000000089e00000| Untracked 
| 159|0x0000000089f00000, 0x000000008a000000, 0x000000008a000000|100%| O|  |TAMS 0x000000008a000000, 0x0000000089f00000| Untracked 
| 160|0x000000008a000000, 0x000000008a000000, 0x000000008a100000|  0%| F|  |TAMS 0x000000008a000000, 0x000000008a000000| Untracked 
| 161|0x000000008a100000, 0x000000008a200000, 0x000000008a200000|100%| O|  |TAMS 0x000000008a200000, 0x000000008a100000| Untracked 
| 162|0x000000008a200000, 0x000000008a300000, 0x000000008a300000|100%| O|  |TAMS 0x000000008a300000, 0x000000008a200000| Untracked 
| 163|0x000000008a300000, 0x000000008a400000, 0x000000008a400000|100%| O|  |TAMS 0x000000008a400000, 0x000000008a300000| Untracked 
| 164|0x000000008a400000, 0x000000008a500000, 0x000000008a500000|100%| O|  |TAMS 0x000000008a500000, 0x000000008a400000| Untracked 
| 165|0x000000008a500000, 0x000000008a600000, 0x000000008a600000|100%| O|  |TAMS 0x000000008a600000, 0x000000008a500000| Untracked 
| 166|0x000000008a600000, 0x000000008a600000, 0x000000008a700000|  0%| F|  |TAMS 0x000000008a600000, 0x000000008a600000| Untracked 
| 167|0x000000008a700000, 0x000000008a700000, 0x000000008a800000|  0%| F|  |TAMS 0x000000008a700000, 0x000000008a700000| Untracked 
| 168|0x000000008a800000, 0x000000008a800000, 0x000000008a900000|  0%| F|  |TAMS 0x000000008a800000, 0x000000008a800000| Untracked 
| 169|0x000000008a900000, 0x000000008a900000, 0x000000008aa00000|  0%| F|  |TAMS 0x000000008a900000, 0x000000008a900000| Untracked 
| 170|0x000000008aa00000, 0x000000008aa00000, 0x000000008ab00000|  0%| F|  |TAMS 0x000000008aa00000, 0x000000008aa00000| Untracked 
| 171|0x000000008ab00000, 0x000000008ab00000, 0x000000008ac00000|  0%| F|  |TAMS 0x000000008ab00000, 0x000000008ab00000| Untracked 
| 172|0x000000008ac00000, 0x000000008ac00000, 0x000000008ad00000|  0%| F|  |TAMS 0x000000008ac00000, 0x000000008ac00000| Untracked 
| 173|0x000000008ad00000, 0x000000008ae00000, 0x000000008ae00000|100%| O|  |TAMS 0x000000008ae00000, 0x000000008ad00000| Untracked 
| 174|0x000000008ae00000, 0x000000008af00000, 0x000000008af00000|100%| O|  |TAMS 0x000000008af00000, 0x000000008ae00000| Untracked 
| 175|0x000000008af00000, 0x000000008af00000, 0x000000008b000000|  0%| F|  |TAMS 0x000000008af00000, 0x000000008af00000| Untracked 
| 176|0x000000008b000000, 0x000000008b000000, 0x000000008b100000|  0%| F|  |TAMS 0x000000008b000000, 0x000000008b000000| Untracked 
| 177|0x000000008b100000, 0x000000008b100000, 0x000000008b200000|  0%| F|  |TAMS 0x000000008b100000, 0x000000008b100000| Untracked 
| 178|0x000000008b200000, 0x000000008b200000, 0x000000008b300000|  0%| F|  |TAMS 0x000000008b200000, 0x000000008b200000| Untracked 
| 179|0x000000008b300000, 0x000000008b300000, 0x000000008b400000|  0%| F|  |TAMS 0x000000008b300000, 0x000000008b300000| Untracked 
| 180|0x000000008b400000, 0x000000008b400000, 0x000000008b500000|  0%| F|  |TAMS 0x000000008b400000, 0x000000008b400000| Untracked 
| 181|0x000000008b500000, 0x000000008b500000, 0x000000008b600000|  0%| F|  |TAMS 0x000000008b500000, 0x000000008b500000| Untracked 
| 182|0x000000008b600000, 0x000000008b600000, 0x000000008b700000|  0%| F|  |TAMS 0x000000008b600000, 0x000000008b600000| Untracked 
| 183|0x000000008b700000, 0x000000008b700000, 0x000000008b800000|  0%| F|  |TAMS 0x000000008b700000, 0x000000008b700000| Untracked 
| 184|0x000000008b800000, 0x000000008b800000, 0x000000008b900000|  0%| F|  |TAMS 0x000000008b800000, 0x000000008b800000| Untracked 
| 185|0x000000008b900000, 0x000000008b900000, 0x000000008ba00000|  0%| F|  |TAMS 0x000000008b900000, 0x000000008b900000| Untracked 
| 186|0x000000008ba00000, 0x000000008ba00000, 0x000000008bb00000|  0%| F|  |TAMS 0x000000008ba00000, 0x000000008ba00000| Untracked 
| 187|0x000000008bb00000, 0x000000008bb00000, 0x000000008bc00000|  0%| F|  |TAMS 0x000000008bb00000, 0x000000008bb00000| Untracked 
| 188|0x000000008bc00000, 0x000000008bc00000, 0x000000008bd00000|  0%| F|  |TAMS 0x000000008bc00000, 0x000000008bc00000| Untracked 
| 189|0x000000008bd00000, 0x000000008bd00000, 0x000000008be00000|  0%| F|  |TAMS 0x000000008bd00000, 0x000000008bd00000| Untracked 
| 190|0x000000008be00000, 0x000000008be00000, 0x000000008bf00000|  0%| F|  |TAMS 0x000000008be00000, 0x000000008be00000| Untracked 
| 191|0x000000008bf00000, 0x000000008bf00000, 0x000000008c000000|  0%| F|  |TAMS 0x000000008bf00000, 0x000000008bf00000| Untracked 
| 192|0x000000008c000000, 0x000000008c000000, 0x000000008c100000|  0%| F|  |TAMS 0x000000008c000000, 0x000000008c000000| Untracked 
| 193|0x000000008c100000, 0x000000008c100000, 0x000000008c200000|  0%| F|  |TAMS 0x000000008c100000, 0x000000008c100000| Untracked 
| 194|0x000000008c200000, 0x000000008c200000, 0x000000008c300000|  0%| F|  |TAMS 0x000000008c200000, 0x000000008c200000| Untracked 
| 195|0x000000008c300000, 0x000000008c300000, 0x000000008c400000|  0%| F|  |TAMS 0x000000008c300000, 0x000000008c300000| Untracked 
| 196|0x000000008c400000, 0x000000008c400000, 0x000000008c500000|  0%| F|  |TAMS 0x000000008c400000, 0x000000008c400000| Untracked 
| 197|0x000000008c500000, 0x000000008c500000, 0x000000008c600000|  0%| F|  |TAMS 0x000000008c500000, 0x000000008c500000| Untracked 
| 198|0x000000008c600000, 0x000000008c600000, 0x000000008c700000|  0%| F|  |TAMS 0x000000008c600000, 0x000000008c600000| Untracked 
| 199|0x000000008c700000, 0x000000008c800000, 0x000000008c800000|100%| O|  |TAMS 0x000000008c800000, 0x000000008c700000| Untracked 
| 200|0x000000008c800000, 0x000000008c800000, 0x000000008c900000|  0%| F|  |TAMS 0x000000008c800000, 0x000000008c800000| Untracked 
| 201|0x000000008c900000, 0x000000008c900000, 0x000000008ca00000|  0%| F|  |TAMS 0x000000008c900000, 0x000000008c900000| Untracked 
| 202|0x000000008ca00000, 0x000000008ca00000, 0x000000008cb00000|  0%| F|  |TAMS 0x000000008ca00000, 0x000000008ca00000| Untracked 
| 203|0x000000008cb00000, 0x000000008cb00000, 0x000000008cc00000|  0%| F|  |TAMS 0x000000008cb00000, 0x000000008cb00000| Untracked 
| 204|0x000000008cc00000, 0x000000008cc00000, 0x000000008cd00000|  0%| F|  |TAMS 0x000000008cc00000, 0x000000008cc00000| Untracked 
| 205|0x000000008cd00000, 0x000000008cd00000, 0x000000008ce00000|  0%| F|  |TAMS 0x000000008cd00000, 0x000000008cd00000| Untracked 
| 206|0x000000008ce00000, 0x000000008ce00000, 0x000000008cf00000|  0%| F|  |TAMS 0x000000008ce00000, 0x000000008ce00000| Untracked 
| 207|0x000000008cf00000, 0x000000008cf00000, 0x000000008d000000|  0%| F|  |TAMS 0x000000008cf00000, 0x000000008cf00000| Untracked 
| 208|0x000000008d000000, 0x000000008d000000, 0x000000008d100000|  0%| F|  |TAMS 0x000000008d000000, 0x000000008d000000| Untracked 
| 209|0x000000008d100000, 0x000000008d100000, 0x000000008d200000|  0%| F|  |TAMS 0x000000008d100000, 0x000000008d100000| Untracked 
| 210|0x000000008d200000, 0x000000008d200000, 0x000000008d300000|  0%| F|  |TAMS 0x000000008d200000, 0x000000008d200000| Untracked 
| 211|0x000000008d300000, 0x000000008d300000, 0x000000008d400000|  0%| F|  |TAMS 0x000000008d300000, 0x000000008d300000| Untracked 
| 212|0x000000008d400000, 0x000000008d400000, 0x000000008d500000|  0%| F|  |TAMS 0x000000008d400000, 0x000000008d400000| Untracked 
| 213|0x000000008d500000, 0x000000008d500000, 0x000000008d600000|  0%| F|  |TAMS 0x000000008d500000, 0x000000008d500000| Untracked 
| 214|0x000000008d600000, 0x000000008d600000, 0x000000008d700000|  0%| F|  |TAMS 0x000000008d600000, 0x000000008d600000| Untracked 
| 215|0x000000008d700000, 0x000000008d700000, 0x000000008d800000|  0%| F|  |TAMS 0x000000008d700000, 0x000000008d700000| Untracked 
| 216|0x000000008d800000, 0x000000008d800000, 0x000000008d900000|  0%| F|  |TAMS 0x000000008d800000, 0x000000008d800000| Untracked 
| 217|0x000000008d900000, 0x000000008d900000, 0x000000008da00000|  0%| F|  |TAMS 0x000000008d900000, 0x000000008d900000| Untracked 
| 218|0x000000008da00000, 0x000000008da00000, 0x000000008db00000|  0%| F|  |TAMS 0x000000008da00000, 0x000000008da00000| Untracked 
| 219|0x000000008db00000, 0x000000008db00000, 0x000000008dc00000|  0%| F|  |TAMS 0x000000008db00000, 0x000000008db00000| Untracked 
| 220|0x000000008dc00000, 0x000000008dc00000, 0x000000008dd00000|  0%| F|  |TAMS 0x000000008dc00000, 0x000000008dc00000| Untracked 
| 221|0x000000008dd00000, 0x000000008dd00000, 0x000000008de00000|  0%| F|  |TAMS 0x000000008dd00000, 0x000000008dd00000| Untracked 
| 222|0x000000008de00000, 0x000000008de00000, 0x000000008df00000|  0%| F|  |TAMS 0x000000008de00000, 0x000000008de00000| Untracked 
| 223|0x000000008df00000, 0x000000008df00000, 0x000000008e000000|  0%| F|  |TAMS 0x000000008df00000, 0x000000008df00000| Untracked 
| 224|0x000000008e000000, 0x000000008e000000, 0x000000008e100000|  0%| F|  |TAMS 0x000000008e000000, 0x000000008e000000| Untracked 
| 225|0x000000008e100000, 0x000000008e100000, 0x000000008e200000|  0%| F|  |TAMS 0x000000008e100000, 0x000000008e100000| Untracked 
| 226|0x000000008e200000, 0x000000008e200000, 0x000000008e300000|  0%| F|  |TAMS 0x000000008e200000, 0x000000008e200000| Untracked 
| 227|0x000000008e300000, 0x000000008e300000, 0x000000008e400000|  0%| F|  |TAMS 0x000000008e300000, 0x000000008e300000| Untracked 
| 228|0x000000008e400000, 0x000000008e400000, 0x000000008e500000|  0%| F|  |TAMS 0x000000008e400000, 0x000000008e400000| Untracked 
| 229|0x000000008e500000, 0x000000008e500000, 0x000000008e600000|  0%| F|  |TAMS 0x000000008e500000, 0x000000008e500000| Untracked 
| 230|0x000000008e600000, 0x000000008e600000, 0x000000008e700000|  0%| F|  |TAMS 0x000000008e600000, 0x000000008e600000| Untracked 
| 231|0x000000008e700000, 0x000000008e800000, 0x000000008e800000|100%| S|CS|TAMS 0x000000008e700000, 0x000000008e700000| Complete 
| 232|0x000000008e800000, 0x000000008e900000, 0x000000008e900000|100%| S|CS|TAMS 0x000000008e800000, 0x000000008e800000| Complete 
| 233|0x000000008e900000, 0x000000008ea00000, 0x000000008ea00000|100%| S|CS|TAMS 0x000000008e900000, 0x000000008e900000| Complete 
| 234|0x000000008ea00000, 0x000000008eb00000, 0x000000008eb00000|100%| S|CS|TAMS 0x000000008ea00000, 0x000000008ea00000| Complete 
| 235|0x000000008eb00000, 0x000000008ec00000, 0x000000008ec00000|100%| S|CS|TAMS 0x000000008eb00000, 0x000000008eb00000| Complete 
| 236|0x000000008ec00000, 0x000000008ed00000, 0x000000008ed00000|100%| S|CS|TAMS 0x000000008ec00000, 0x000000008ec00000| Complete 
| 237|0x000000008ed00000, 0x000000008ee00000, 0x000000008ee00000|100%| S|CS|TAMS 0x000000008ed00000, 0x000000008ed00000| Complete 
| 238|0x000000008ee00000, 0x000000008ef00000, 0x000000008ef00000|100%| S|CS|TAMS 0x000000008ee00000, 0x000000008ee00000| Complete 
| 239|0x000000008ef00000, 0x000000008f000000, 0x000000008f000000|100%| S|CS|TAMS 0x000000008ef00000, 0x000000008ef00000| Complete 
| 240|0x000000008f000000, 0x000000008f100000, 0x000000008f100000|100%| S|CS|TAMS 0x000000008f000000, 0x000000008f000000| Complete 
| 241|0x000000008f100000, 0x000000008f200000, 0x000000008f200000|100%| S|CS|TAMS 0x000000008f100000, 0x000000008f100000| Complete 
| 242|0x000000008f200000, 0x000000008f300000, 0x000000008f300000|100%| S|CS|TAMS 0x000000008f200000, 0x000000008f200000| Complete 
| 243|0x000000008f300000, 0x000000008f300000, 0x000000008f400000|  0%| F|  |TAMS 0x000000008f300000, 0x000000008f300000| Untracked 
| 244|0x000000008f400000, 0x000000008f400000, 0x000000008f500000|  0%| F|  |TAMS 0x000000008f400000, 0x000000008f400000| Untracked 
| 245|0x000000008f500000, 0x000000008f500000, 0x000000008f600000|  0%| F|  |TAMS 0x000000008f500000, 0x000000008f500000| Untracked 
| 246|0x000000008f600000, 0x000000008f600000, 0x000000008f700000|  0%| F|  |TAMS 0x000000008f600000, 0x000000008f600000| Untracked 
| 247|0x000000008f700000, 0x000000008f700000, 0x000000008f800000|  0%| F|  |TAMS 0x000000008f700000, 0x000000008f700000| Untracked 
| 248|0x000000008f800000, 0x000000008f800000, 0x000000008f900000|  0%| F|  |TAMS 0x000000008f800000, 0x000000008f800000| Untracked 
| 249|0x000000008f900000, 0x000000008f900000, 0x000000008fa00000|  0%| F|  |TAMS 0x000000008f900000, 0x000000008f900000| Untracked 
| 250|0x000000008fa00000, 0x000000008fa00000, 0x000000008fb00000|  0%| F|  |TAMS 0x000000008fa00000, 0x000000008fa00000| Untracked 
| 251|0x000000008fb00000, 0x000000008fb00000, 0x000000008fc00000|  0%| F|  |TAMS 0x000000008fb00000, 0x000000008fb00000| Untracked 
| 252|0x000000008fc00000, 0x000000008fc00000, 0x000000008fd00000|  0%| F|  |TAMS 0x000000008fc00000, 0x000000008fc00000| Untracked 
| 253|0x000000008fd00000, 0x000000008fd00000, 0x000000008fe00000|  0%| F|  |TAMS 0x000000008fd00000, 0x000000008fd00000| Untracked 
| 254|0x000000008fe00000, 0x000000008fe00000, 0x000000008ff00000|  0%| F|  |TAMS 0x000000008fe00000, 0x000000008fe00000| Untracked 
| 255|0x000000008ff00000, 0x000000008ff00000, 0x0000000090000000|  0%| F|  |TAMS 0x000000008ff00000, 0x000000008ff00000| Untracked 
| 256|0x0000000090000000, 0x0000000090000000, 0x0000000090100000|  0%| F|  |TAMS 0x0000000090000000, 0x0000000090000000| Untracked 
| 257|0x0000000090100000, 0x0000000090100000, 0x0000000090200000|  0%| F|  |TAMS 0x0000000090100000, 0x0000000090100000| Untracked 
| 258|0x0000000090200000, 0x0000000090200000, 0x0000000090300000|  0%| F|  |TAMS 0x0000000090200000, 0x0000000090200000| Untracked 
| 259|0x0000000090300000, 0x0000000090300000, 0x0000000090400000|  0%| F|  |TAMS 0x0000000090300000, 0x0000000090300000| Untracked 
| 260|0x0000000090400000, 0x0000000090400000, 0x0000000090500000|  0%| F|  |TAMS 0x0000000090400000, 0x0000000090400000| Untracked 
| 261|0x0000000090500000, 0x0000000090500000, 0x0000000090600000|  0%| F|  |TAMS 0x0000000090500000, 0x0000000090500000| Untracked 
| 262|0x0000000090600000, 0x0000000090600000, 0x0000000090700000|  0%| F|  |TAMS 0x0000000090600000, 0x0000000090600000| Untracked 
| 263|0x0000000090700000, 0x0000000090700000, 0x0000000090800000|  0%| F|  |TAMS 0x0000000090700000, 0x0000000090700000| Untracked 
| 264|0x0000000090800000, 0x0000000090800000, 0x0000000090900000|  0%| F|  |TAMS 0x0000000090800000, 0x0000000090800000| Untracked 
| 265|0x0000000090900000, 0x0000000090900000, 0x0000000090a00000|  0%| F|  |TAMS 0x0000000090900000, 0x0000000090900000| Untracked 
| 266|0x0000000090a00000, 0x0000000090a00000, 0x0000000090b00000|  0%| F|  |TAMS 0x0000000090a00000, 0x0000000090a00000| Untracked 
| 267|0x0000000090b00000, 0x0000000090b00000, 0x0000000090c00000|  0%| F|  |TAMS 0x0000000090b00000, 0x0000000090b00000| Untracked 
| 268|0x0000000090c00000, 0x0000000090c00000, 0x0000000090d00000|  0%| F|  |TAMS 0x0000000090c00000, 0x0000000090c00000| Untracked 
| 269|0x0000000090d00000, 0x0000000090d00000, 0x0000000090e00000|  0%| F|  |TAMS 0x0000000090d00000, 0x0000000090d00000| Untracked 
| 270|0x0000000090e00000, 0x0000000090e00000, 0x0000000090f00000|  0%| F|  |TAMS 0x0000000090e00000, 0x0000000090e00000| Untracked 
| 271|0x0000000090f00000, 0x0000000090f00000, 0x0000000091000000|  0%| F|  |TAMS 0x0000000090f00000, 0x0000000090f00000| Untracked 
| 272|0x0000000091000000, 0x0000000091000000, 0x0000000091100000|  0%| F|  |TAMS 0x0000000091000000, 0x0000000091000000| Untracked 
| 273|0x0000000091100000, 0x0000000091100000, 0x0000000091200000|  0%| F|  |TAMS 0x0000000091100000, 0x0000000091100000| Untracked 
| 274|0x0000000091200000, 0x0000000091200000, 0x0000000091300000|  0%| F|  |TAMS 0x0000000091200000, 0x0000000091200000| Untracked 
| 275|0x0000000091300000, 0x0000000091300000, 0x0000000091400000|  0%| F|  |TAMS 0x0000000091300000, 0x0000000091300000| Untracked 
| 276|0x0000000091400000, 0x0000000091400000, 0x0000000091500000|  0%| F|  |TAMS 0x0000000091400000, 0x0000000091400000| Untracked 
| 277|0x0000000091500000, 0x0000000091500000, 0x0000000091600000|  0%| F|  |TAMS 0x0000000091500000, 0x0000000091500000| Untracked 
| 278|0x0000000091600000, 0x0000000091600000, 0x0000000091700000|  0%| F|  |TAMS 0x0000000091600000, 0x0000000091600000| Untracked 
| 279|0x0000000091700000, 0x0000000091700000, 0x0000000091800000|  0%| F|  |TAMS 0x0000000091700000, 0x0000000091700000| Untracked 
| 280|0x0000000091800000, 0x0000000091800000, 0x0000000091900000|  0%| F|  |TAMS 0x0000000091800000, 0x0000000091800000| Untracked 
| 281|0x0000000091900000, 0x0000000091900000, 0x0000000091a00000|  0%| F|  |TAMS 0x0000000091900000, 0x0000000091900000| Untracked 
| 282|0x0000000091a00000, 0x0000000091a00000, 0x0000000091b00000|  0%| F|  |TAMS 0x0000000091a00000, 0x0000000091a00000| Untracked 
| 283|0x0000000091b00000, 0x0000000091b00000, 0x0000000091c00000|  0%| F|  |TAMS 0x0000000091b00000, 0x0000000091b00000| Untracked 
| 284|0x0000000091c00000, 0x0000000091c00000, 0x0000000091d00000|  0%| F|  |TAMS 0x0000000091c00000, 0x0000000091c00000| Untracked 
| 285|0x0000000091d00000, 0x0000000091d00000, 0x0000000091e00000|  0%| F|  |TAMS 0x0000000091d00000, 0x0000000091d00000| Untracked 
| 286|0x0000000091e00000, 0x0000000091e00000, 0x0000000091f00000|  0%| F|  |TAMS 0x0000000091e00000, 0x0000000091e00000| Untracked 
| 287|0x0000000091f00000, 0x0000000091f00000, 0x0000000092000000|  0%| F|  |TAMS 0x0000000091f00000, 0x0000000091f00000| Untracked 
| 288|0x0000000092000000, 0x0000000092000000, 0x0000000092100000|  0%| F|  |TAMS 0x0000000092000000, 0x0000000092000000| Untracked 
| 289|0x0000000092100000, 0x0000000092100000, 0x0000000092200000|  0%| F|  |TAMS 0x0000000092100000, 0x0000000092100000| Untracked 
| 290|0x0000000092200000, 0x0000000092200000, 0x0000000092300000|  0%| F|  |TAMS 0x0000000092200000, 0x0000000092200000| Untracked 
| 291|0x0000000092300000, 0x0000000092300000, 0x0000000092400000|  0%| F|  |TAMS 0x0000000092300000, 0x0000000092300000| Untracked 
| 292|0x0000000092400000, 0x0000000092400000, 0x0000000092500000|  0%| F|  |TAMS 0x0000000092400000, 0x0000000092400000| Untracked 
| 293|0x0000000092500000, 0x0000000092500000, 0x0000000092600000|  0%| F|  |TAMS 0x0000000092500000, 0x0000000092500000| Untracked 
| 294|0x0000000092600000, 0x0000000092600000, 0x0000000092700000|  0%| F|  |TAMS 0x0000000092600000, 0x0000000092600000| Untracked 
| 295|0x0000000092700000, 0x0000000092700000, 0x0000000092800000|  0%| F|  |TAMS 0x0000000092700000, 0x0000000092700000| Untracked 
| 296|0x0000000092800000, 0x0000000092800000, 0x0000000092900000|  0%| F|  |TAMS 0x0000000092800000, 0x0000000092800000| Untracked 
| 297|0x0000000092900000, 0x0000000092900000, 0x0000000092a00000|  0%| F|  |TAMS 0x0000000092900000, 0x0000000092900000| Untracked 
| 298|0x0000000092a00000, 0x0000000092a00000, 0x0000000092b00000|  0%| F|  |TAMS 0x0000000092a00000, 0x0000000092a00000| Untracked 
| 299|0x0000000092b00000, 0x0000000092b00000, 0x0000000092c00000|  0%| F|  |TAMS 0x0000000092b00000, 0x0000000092b00000| Untracked 
| 300|0x0000000092c00000, 0x0000000092c00000, 0x0000000092d00000|  0%| F|  |TAMS 0x0000000092c00000, 0x0000000092c00000| Untracked 
| 301|0x0000000092d00000, 0x0000000092d00000, 0x0000000092e00000|  0%| F|  |TAMS 0x0000000092d00000, 0x0000000092d00000| Untracked 
| 302|0x0000000092e00000, 0x0000000092e00000, 0x0000000092f00000|  0%| F|  |TAMS 0x0000000092e00000, 0x0000000092e00000| Untracked 
| 303|0x0000000092f00000, 0x0000000092f00000, 0x0000000093000000|  0%| F|  |TAMS 0x0000000092f00000, 0x0000000092f00000| Untracked 
| 304|0x0000000093000000, 0x0000000093000000, 0x0000000093100000|  0%| F|  |TAMS 0x0000000093000000, 0x0000000093000000| Untracked 
| 305|0x0000000093100000, 0x0000000093100000, 0x0000000093200000|  0%| F|  |TAMS 0x0000000093100000, 0x0000000093100000| Untracked 
| 306|0x0000000093200000, 0x0000000093200000, 0x0000000093300000|  0%| F|  |TAMS 0x0000000093200000, 0x0000000093200000| Untracked 
| 307|0x0000000093300000, 0x0000000093300000, 0x0000000093400000|  0%| F|  |TAMS 0x0000000093300000, 0x0000000093300000| Untracked 
| 308|0x0000000093400000, 0x0000000093400000, 0x0000000093500000|  0%| F|  |TAMS 0x0000000093400000, 0x0000000093400000| Untracked 
| 309|0x0000000093500000, 0x0000000093500000, 0x0000000093600000|  0%| F|  |TAMS 0x0000000093500000, 0x0000000093500000| Untracked 
| 310|0x0000000093600000, 0x0000000093600000, 0x0000000093700000|  0%| F|  |TAMS 0x0000000093600000, 0x0000000093600000| Untracked 
| 311|0x0000000093700000, 0x0000000093700000, 0x0000000093800000|  0%| F|  |TAMS 0x0000000093700000, 0x0000000093700000| Untracked 
| 312|0x0000000093800000, 0x0000000093800000, 0x0000000093900000|  0%| F|  |TAMS 0x0000000093800000, 0x0000000093800000| Untracked 
| 313|0x0000000093900000, 0x0000000093900000, 0x0000000093a00000|  0%| F|  |TAMS 0x0000000093900000, 0x0000000093900000| Untracked 
| 314|0x0000000093a00000, 0x0000000093a00000, 0x0000000093b00000|  0%| F|  |TAMS 0x0000000093a00000, 0x0000000093a00000| Untracked 
| 315|0x0000000093b00000, 0x0000000093b00000, 0x0000000093c00000|  0%| F|  |TAMS 0x0000000093b00000, 0x0000000093b00000| Untracked 
| 316|0x0000000093c00000, 0x0000000093c00000, 0x0000000093d00000|  0%| F|  |TAMS 0x0000000093c00000, 0x0000000093c00000| Untracked 
| 317|0x0000000093d00000, 0x0000000093d00000, 0x0000000093e00000|  0%| F|  |TAMS 0x0000000093d00000, 0x0000000093d00000| Untracked 
| 318|0x0000000093e00000, 0x0000000093e00000, 0x0000000093f00000|  0%| F|  |TAMS 0x0000000093e00000, 0x0000000093e00000| Untracked 
| 319|0x0000000093f00000, 0x0000000093f00000, 0x0000000094000000|  0%| F|  |TAMS 0x0000000093f00000, 0x0000000093f00000| Untracked 
| 320|0x0000000094000000, 0x0000000094000000, 0x0000000094100000|  0%| F|  |TAMS 0x0000000094000000, 0x0000000094000000| Untracked 
| 321|0x0000000094100000, 0x0000000094100000, 0x0000000094200000|  0%| F|  |TAMS 0x0000000094100000, 0x0000000094100000| Untracked 
| 322|0x0000000094200000, 0x0000000094200000, 0x0000000094300000|  0%| F|  |TAMS 0x0000000094200000, 0x0000000094200000| Untracked 
| 323|0x0000000094300000, 0x0000000094300000, 0x0000000094400000|  0%| F|  |TAMS 0x0000000094300000, 0x0000000094300000| Untracked 
| 324|0x0000000094400000, 0x0000000094400000, 0x0000000094500000|  0%| F|  |TAMS 0x0000000094400000, 0x0000000094400000| Untracked 
| 325|0x0000000094500000, 0x0000000094500000, 0x0000000094600000|  0%| F|  |TAMS 0x0000000094500000, 0x0000000094500000| Untracked 
| 326|0x0000000094600000, 0x0000000094600000, 0x0000000094700000|  0%| F|  |TAMS 0x0000000094600000, 0x0000000094600000| Untracked 
| 327|0x0000000094700000, 0x00000000947d7d48, 0x0000000094800000| 84%| E|  |TAMS 0x0000000094700000, 0x0000000094700000| Complete 
| 328|0x0000000094800000, 0x0000000094900000, 0x0000000094900000|100%| E|CS|TAMS 0x0000000094800000, 0x0000000094800000| Complete 
| 329|0x0000000094900000, 0x0000000094a00000, 0x0000000094a00000|100%| E|CS|TAMS 0x0000000094900000, 0x0000000094900000| Complete 
| 330|0x0000000094a00000, 0x0000000094b00000, 0x0000000094b00000|100%| E|CS|TAMS 0x0000000094a00000, 0x0000000094a00000| Complete 
| 331|0x0000000094b00000, 0x0000000094c00000, 0x0000000094c00000|100%| E|CS|TAMS 0x0000000094b00000, 0x0000000094b00000| Complete 
| 332|0x0000000094c00000, 0x0000000094d00000, 0x0000000094d00000|100%| E|CS|TAMS 0x0000000094c00000, 0x0000000094c00000| Complete 
| 333|0x0000000094d00000, 0x0000000094e00000, 0x0000000094e00000|100%| E|CS|TAMS 0x0000000094d00000, 0x0000000094d00000| Complete 
| 334|0x0000000094e00000, 0x0000000094f00000, 0x0000000094f00000|100%| E|CS|TAMS 0x0000000094e00000, 0x0000000094e00000| Complete 
| 335|0x0000000094f00000, 0x0000000095000000, 0x0000000095000000|100%| E|CS|TAMS 0x0000000094f00000, 0x0000000094f00000| Complete 
| 336|0x0000000095000000, 0x0000000095100000, 0x0000000095100000|100%| E|CS|TAMS 0x0000000095000000, 0x0000000095000000| Complete 
| 337|0x0000000095100000, 0x0000000095200000, 0x0000000095200000|100%| E|CS|TAMS 0x0000000095100000, 0x0000000095100000| Complete 

Card table byte_map: [0x00000266ae780000,0x00000266aeb80000] _byte_map_base: 0x00000266ae380000

Marking Bits (Prev, Next): (CMBitMap*) 0x0000026699addf30, (CMBitMap*) 0x0000026699addef8
 Prev Bits: [0x00000266b0f80000, 0x00000266b2f80000)
 Next Bits: [0x00000266aef80000, 0x00000266b0f80000)

Polling page: 0x0000026699b70000

Metaspace:

Usage:
  Non-class:    160.50 MB capacity,   156.94 MB ( 98%) used,     2.90 MB (  2%) free+waste,   680.38 KB ( <1%) overhead. 
      Class:     23.35 MB capacity,    21.41 MB ( 92%) used,     1.65 MB (  7%) free+waste,   292.50 KB (  1%) overhead. 
       Both:    183.85 MB capacity,   178.35 MB ( 97%) used,     4.55 MB (  2%) free+waste,   972.88 KB ( <1%) overhead. 

Virtual space:
  Non-class space:      164.00 MB reserved,     163.50 MB (>99%) committed 
      Class space:        1.00 GB reserved,      24.38 MB (  2%) committed 
             Both:        1.16 GB reserved,     187.88 MB ( 16%) committed 

Chunk freelists:
   Non-Class:  2.77 MB
       Class:  988.00 KB
        Both:  3.74 MB

MaxMetaspaceSize: 17179869184.00 GB
CompressedClassSpaceSize: 1.00 GB

CodeHeap 'non-profiled nmethods': size=120064Kb used=31246Kb max_used=31246Kb free=88817Kb
 bounds [0x00000266a6810000, 0x00000266a86b0000, 0x00000266add50000]
CodeHeap 'profiled nmethods': size=120000Kb used=65629Kb max_used=66270Kb free=54370Kb
 bounds [0x000002669f2e0000, 0x00000266a3440000, 0x00000266a6810000]
CodeHeap 'non-nmethods': size=5696Kb used=2398Kb max_used=2476Kb free=3297Kb
 bounds [0x000002669ed50000, 0x000002669efd0000, 0x000002669f2e0000]
 total_blobs=31396 nmethods=30361 adapters=943
 compilation: enabled
              stopped_count=0, restarted_count=0
 full_count=0

Compilation events (20 events):
Event: 6905.962 Thread 0x00000266b8a37800 40483       4       com.android.tools.r8.internal.W4::a (268 bytes)
Event: 6905.964 Thread 0x00000266b55c4800 nmethod 40514 0x00000266a3418910 code [0x00000266a341a9e0, 0x00000266a34304a8]
Event: 6905.964 Thread 0x00000266b55c4800 40516       2       com.android.tools.r8.code.S0::hashCode (21 bytes)
Event: 6905.964 Thread 0x00000266b55c4800 nmethod 40516 0x000002669f84f990 code [0x000002669f84fb40, 0x000002669f84fc88]
Event: 6905.981 Thread 0x00000266b55c4800 40521       2       com.android.tools.r8.graph.r::a (71 bytes)
Event: 6905.982 Thread 0x00000266b55c4800 nmethod 40521 0x000002669ff94e90 code [0x000002669ff950a0, 0x000002669ff955f8]
Event: 6905.986 Thread 0x00000266b55c4800 40524       2       java.util.stream.SliceOps$1$1::<init> (51 bytes)
Event: 6905.986 Thread 0x00000266b55c4800 nmethod 40524 0x000002669fd6e590 code [0x000002669fd6e760, 0x000002669fd6ea68]
Event: 6906.006 Thread 0x00000266b8a37800 nmethod 40483 0x00000266a8059410 code [0x00000266a80597e0, 0x00000266a805b648]
Event: 6906.006 Thread 0x00000266b8a37800 40519 %     4       com.android.tools.r8.internal.Kv::a @ 55 (430 bytes)
Event: 6906.054 Thread 0x00000266b55c4800 40527       3       com.android.tools.r8.graph.Z::a (211 bytes)
Event: 6906.056 Thread 0x00000266b55c4800 nmethod 40527 0x00000266a1940810 code [0x00000266a1940ba0, 0x00000266a1942608]
Event: 6906.062 Thread 0x00000266b55c4800 40528       2       com.android.tools.r8.dex.z$j::e (21 bytes)
Event: 6906.062 Thread 0x00000266b55c4800 nmethod 40528 0x000002669fe4c290 code [0x000002669fe4c460, 0x000002669fe4c7b8]
Event: 6906.070 Thread 0x00000266b55c4800 40529       2       java.util.TimSort::mergeLo (659 bytes)
Event: 6906.071 Thread 0x00000266b55c4800 nmethod 40529 0x00000266a0e2a210 code [0x00000266a0e2a500, 0x00000266a0e2bdd8]
Event: 6906.072 Thread 0x00000266b55c4800 40530       2       java.util.TimSort::mergeHi (732 bytes)
Event: 6906.075 Thread 0x00000266b55c4800 nmethod 40530 0x00000266a19ff810 code [0x00000266a19ffb00, 0x00000266a1a01458]
Event: 6906.204 Thread 0x00000266b55c1800 nmethod 40453 0x00000266a868be90 code [0x00000266a868c980, 0x00000266a8699658]
Event: 6906.204 Thread 0x00000266b55c1800 40531       4       java.util.TimSort::mergeLo (659 bytes)

GC Heap History (20 events):
Event: 6824.525 GC heap before
{Heap before GC invocations=481 (full 0):
 garbage-first heap   total 346112K, used 233809K [0x0000000080000000, 0x0000000100000000)
  region size 1024K, 59 young (60416K), 2 survivors (2048K)
 Metaspace       used 182260K, capacity 187908K, committed 192384K, reserved 1216512K
  class space    used 21914K, capacity 23901K, committed 24960K, reserved 1048576K
}
Event: 6824.584 GC heap after
{Heap after GC invocations=482 (full 0):
 garbage-first heap   total 346112K, used 182153K [0x0000000080000000, 0x0000000100000000)
  region size 1024K, 6 young (6144K), 6 survivors (6144K)
 Metaspace       used 182260K, capacity 187908K, committed 192384K, reserved 1216512K
  class space    used 21914K, capacity 23901K, committed 24960K, reserved 1048576K
}
Event: 6827.881 GC heap before
{Heap before GC invocations=483 (full 0):
 garbage-first heap   total 346112K, used 267145K [0x0000000080000000, 0x0000000100000000)
  region size 1024K, 76 young (77824K), 6 survivors (6144K)
 Metaspace       used 182283K, capacity 187974K, committed 192384K, reserved 1216512K
  class space    used 21914K, capacity 23901K, committed 24960K, reserved 1048576K
}
Event: 6827.916 GC heap after
{Heap after GC invocations=484 (full 0):
 garbage-first heap   total 346112K, used 175104K [0x0000000080000000, 0x0000000100000000)
  region size 1024K, 8 young (8192K), 8 survivors (8192K)
 Metaspace       used 182283K, capacity 187974K, committed 192384K, reserved 1216512K
  class space    used 21914K, capacity 23901K, committed 24960K, reserved 1048576K
}
Event: 6827.948 GC heap before
{Heap before GC invocations=484 (full 0):
 garbage-first heap   total 346112K, used 182272K [0x0000000080000000, 0x0000000100000000)
  region size 1024K, 16 young (16384K), 8 survivors (8192K)
 Metaspace       used 182283K, capacity 187974K, committed 192384K, reserved 1216512K
  class space    used 21914K, capacity 23901K, committed 24960K, reserved 1048576K
}
Event: 6828.008 GC heap after
{Heap after GC invocations=485 (full 0):
 garbage-first heap   total 346112K, used 155205K [0x0000000080000000, 0x0000000100000000)
  region size 1024K, 2 young (2048K), 2 survivors (2048K)
 Metaspace       used 182283K, capacity 187974K, committed 192384K, reserved 1216512K
  class space    used 21914K, capacity 23901K, committed 24960K, reserved 1048576K
}
Event: 6857.236 GC heap before
{Heap before GC invocations=485 (full 0):
 garbage-first heap   total 346112K, used 243269K [0x0000000080000000, 0x0000000100000000)
  region size 1024K, 89 young (91136K), 2 survivors (2048K)
 Metaspace       used 182306K, capacity 187978K, committed 192384K, reserved 1216512K
  class space    used 21917K, capacity 23902K, committed 24960K, reserved 1048576K
}
Event: 6857.653 GC heap after
{Heap after GC invocations=486 (full 0):
 garbage-first heap   total 346112K, used 160650K [0x0000000080000000, 0x0000000100000000)
  region size 1024K, 7 young (7168K), 7 survivors (7168K)
 Metaspace       used 182306K, capacity 187978K, committed 192384K, reserved 1216512K
  class space    used 21917K, capacity 23902K, committed 24960K, reserved 1048576K
}
Event: 6872.646 GC heap before
{Heap before GC invocations=487 (full 0):
 garbage-first heap   total 346112K, used 263050K [0x0000000080000000, 0x0000000100000000)
  region size 1024K, 101 young (103424K), 7 survivors (7168K)
 Metaspace       used 184442K, capacity 190185K, committed 192384K, reserved 1216512K
  class space    used 22031K, capacity 24039K, committed 24960K, reserved 1048576K
}
Event: 6872.695 GC heap after
{Heap after GC invocations=488 (full 0):
 garbage-first heap   total 346112K, used 161727K [0x0000000080000000, 0x0000000100000000)
  region size 1024K, 8 young (8192K), 8 survivors (8192K)
 Metaspace       used 184442K, capacity 190185K, committed 192384K, reserved 1216512K
  class space    used 22031K, capacity 24039K, committed 24960K, reserved 1048576K
}
Event: 6886.614 GC heap before
{Heap before GC invocations=488 (full 0):
 garbage-first heap   total 346112K, used 169919K [0x0000000080000000, 0x0000000100000000)
  region size 1024K, 16 young (16384K), 8 survivors (8192K)
 Metaspace       used 184452K, capacity 190185K, committed 192384K, reserved 1216512K
  class space    used 22031K, capacity 24039K, committed 24960K, reserved 1048576K
}
Event: 6886.812 GC heap after
{Heap after GC invocations=489 (full 0):
 garbage-first heap   total 346112K, used 154265K [0x0000000080000000, 0x0000000100000000)
  region size 1024K, 1 young (1024K), 1 survivors (1024K)
 Metaspace       used 184452K, capacity 190185K, committed 192384K, reserved 1216512K
  class space    used 22031K, capacity 24039K, committed 24960K, reserved 1048576K
}
Event: 6889.461 GC heap before
{Heap before GC invocations=489 (full 0):
 garbage-first heap   total 346112K, used 193177K [0x0000000080000000, 0x0000000100000000)
  region size 1024K, 40 young (40960K), 1 survivors (1024K)
 Metaspace       used 184502K, capacity 190187K, committed 192384K, reserved 1216512K
  class space    used 22031K, capacity 24039K, committed 24960K, reserved 1048576K
}
Event: 6889.531 GC heap after
{Heap after GC invocations=490 (full 0):
 garbage-first heap   total 346112K, used 154680K [0x0000000080000000, 0x0000000100000000)
  region size 1024K, 2 young (2048K), 2 survivors (2048K)
 Metaspace       used 184502K, capacity 190187K, committed 192384K, reserved 1216512K
  class space    used 22031K, capacity 24039K, committed 24960K, reserved 1048576K
}
Event: 6905.342 GC heap before
{Heap before GC invocations=491 (full 0):
 garbage-first heap   total 346112K, used 261176K [0x0000000080000000, 0x0000000100000000)
  region size 1024K, 103 young (105472K), 2 survivors (2048K)
 Metaspace       used 182622K, capacity 188260K, committed 192384K, reserved 1216512K
  class space    used 21923K, capacity 23908K, committed 24960K, reserved 1048576K
}
Event: 6905.353 GC heap after
{Heap after GC invocations=492 (full 0):
 garbage-first heap   total 346112K, used 162204K [0x0000000080000000, 0x0000000100000000)
  region size 1024K, 5 young (5120K), 5 survivors (5120K)
 Metaspace       used 182622K, capacity 188260K, committed 192384K, reserved 1216512K
  class space    used 21923K, capacity 23908K, committed 24960K, reserved 1048576K
}
Event: 6905.613 GC heap before
{Heap before GC invocations=492 (full 0):
 garbage-first heap   total 346112K, used 176540K [0x0000000080000000, 0x0000000100000000)
  region size 1024K, 16 young (16384K), 5 survivors (5120K)
 Metaspace       used 182622K, capacity 188260K, committed 192384K, reserved 1216512K
  class space    used 21923K, capacity 23908K, committed 24960K, reserved 1048576K
}
Event: 6905.645 GC heap after
{Heap after GC invocations=493 (full 0):
 garbage-first heap   total 346112K, used 159223K [0x0000000080000000, 0x0000000100000000)
  region size 1024K, 2 young (2048K), 2 survivors (2048K)
 Metaspace       used 182622K, capacity 188260K, committed 192384K, reserved 1216512K
  class space    used 21923K, capacity 23908K, committed 24960K, reserved 1048576K
}
Event: 6906.025 GC heap before
{Heap before GC invocations=493 (full 0):
 garbage-first heap   total 346112K, used 253431K [0x0000000080000000, 0x0000000100000000)
  region size 1024K, 95 young (97280K), 2 survivors (2048K)
 Metaspace       used 182627K, capacity 188261K, committed 192384K, reserved 1216512K
  class space    used 21924K, capacity 23908K, committed 24960K, reserved 1048576K
}
Event: 6906.051 GC heap after
{Heap after GC invocations=494 (full 0):
 garbage-first heap   total 346112K, used 169591K [0x0000000080000000, 0x0000000100000000)
  region size 1024K, 12 young (12288K), 12 survivors (12288K)
 Metaspace       used 182627K, capacity 188261K, committed 192384K, reserved 1216512K
  class space    used 21924K, capacity 23908K, committed 24960K, reserved 1048576K
}

Deoptimization events (20 events):
Event: 6906.087 Thread 0x00000266c12f0000 DEOPT PACKING pc=0x00000266a0e2ba3b sp=0x00000079104fca80
Event: 6906.090 Thread 0x00000266c12f0000 DEOPT UNPACKING pc=0x000002669ed776ce sp=0x00000079104fbf68 mode 0
Event: 6906.092 Thread 0x00000266c12f0000 DEOPT PACKING pc=0x00000266a1a010bc sp=0x00000079104fca70
Event: 6906.092 Thread 0x00000266c12f0000 DEOPT UNPACKING pc=0x000002669ed776ce sp=0x00000079104fbf60 mode 0
Event: 6906.095 Thread 0x00000266c12f0000 DEOPT PACKING pc=0x00000266a0e2ba3b sp=0x00000079104fca80
Event: 6906.095 Thread 0x00000266c12f0000 DEOPT UNPACKING pc=0x000002669ed776ce sp=0x00000079104fbf68 mode 0
Event: 6906.103 Thread 0x00000266c12f0000 DEOPT PACKING pc=0x00000266a0e2ba3b sp=0x00000079104fca80
Event: 6906.103 Thread 0x00000266c12f0000 DEOPT UNPACKING pc=0x000002669ed776ce sp=0x00000079104fbf68 mode 0
Event: 6906.104 Thread 0x00000266c12f0000 DEOPT PACKING pc=0x00000266a1a010bc sp=0x00000079104fca70
Event: 6906.104 Thread 0x00000266c12f0000 DEOPT UNPACKING pc=0x000002669ed776ce sp=0x00000079104fbf60 mode 0
Event: 6906.112 Thread 0x00000266c12f0000 DEOPT PACKING pc=0x00000266a0e2ba3b sp=0x00000079104fca80
Event: 6906.112 Thread 0x00000266c12f0000 DEOPT UNPACKING pc=0x000002669ed776ce sp=0x00000079104fbf68 mode 0
Event: 6906.126 Thread 0x00000266c12f0000 DEOPT PACKING pc=0x00000266a1a010bc sp=0x00000079104fca20
Event: 6906.127 Thread 0x00000266c12f0000 DEOPT UNPACKING pc=0x000002669ed776ce sp=0x00000079104fbf10 mode 0
Event: 6906.133 Thread 0x00000266c12f0000 DEOPT PACKING pc=0x00000266a1a010bc sp=0x00000079104fca20
Event: 6906.133 Thread 0x00000266c12f0000 DEOPT UNPACKING pc=0x000002669ed776ce sp=0x00000079104fbf10 mode 0
Event: 6906.139 Thread 0x00000266c12f0000 DEOPT PACKING pc=0x00000266a19423ff sp=0x00000079104fcbf0
Event: 6906.139 Thread 0x00000266c12f0000 DEOPT UNPACKING pc=0x000002669ed776ce sp=0x00000079104fc190 mode 0
Event: 6906.143 Thread 0x00000266c12f0000 DEOPT PACKING pc=0x00000266a19423ff sp=0x00000079104fcbf0
Event: 6906.143 Thread 0x00000266c12f0000 DEOPT UNPACKING pc=0x000002669ed776ce sp=0x00000079104fc190 mode 0

Classes redefined (0 events):
No events

Internal exceptions (20 events):
Event: 6901.706 Thread 0x00000266bafea800 Exception <a 'sun/nio/fs/WindowsException'{0x00000000910081b0}> (0x00000000910081b0) thrown at [./src/hotspot/share/prims/jni.cpp, line 615]
Event: 6901.706 Thread 0x00000266bafea800 Exception <a 'sun/nio/fs/WindowsException'{0x000000009100b370}> (0x000000009100b370) thrown at [./src/hotspot/share/prims/jni.cpp, line 615]
Event: 6901.706 Thread 0x00000266bafea800 Exception <a 'sun/nio/fs/WindowsException'{0x000000009100b488}> (0x000000009100b488) thrown at [./src/hotspot/share/prims/jni.cpp, line 615]
Event: 6901.706 Thread 0x00000266bafea800 Exception <a 'sun/nio/fs/WindowsException'{0x000000009100e630}> (0x000000009100e630) thrown at [./src/hotspot/share/prims/jni.cpp, line 615]
Event: 6901.742 Thread 0x00000266bafea800 Exception <a 'sun/nio/fs/WindowsException'{0x0000000091016d98}> (0x0000000091016d98) thrown at [./src/hotspot/share/prims/jni.cpp, line 615]
Event: 6901.743 Thread 0x00000266bafea800 Exception <a 'sun/nio/fs/WindowsException'{0x0000000091018a48}> (0x0000000091018a48) thrown at [./src/hotspot/share/prims/jni.cpp, line 615]
Event: 6901.743 Thread 0x00000266bafea800 Exception <a 'sun/nio/fs/WindowsException'{0x000000009101a2a0}> (0x000000009101a2a0) thrown at [./src/hotspot/share/prims/jni.cpp, line 615]
Event: 6901.743 Thread 0x00000266bafea800 Exception <a 'sun/nio/fs/WindowsException'{0x000000009101bcb0}> (0x000000009101bcb0) thrown at [./src/hotspot/share/prims/jni.cpp, line 615]
Event: 6901.743 Thread 0x00000266bafea800 Exception <a 'sun/nio/fs/WindowsException'{0x000000009101be10}> (0x000000009101be10) thrown at [./src/hotspot/share/prims/jni.cpp, line 615]
Event: 6901.743 Thread 0x00000266bafea800 Exception <a 'sun/nio/fs/WindowsException'{0x000000009101eff0}> (0x000000009101eff0) thrown at [./src/hotspot/share/prims/jni.cpp, line 615]
Event: 6901.792 Thread 0x00000266bafea800 Exception <a 'sun/nio/fs/WindowsException'{0x00000000910272b8}> (0x00000000910272b8) thrown at [./src/hotspot/share/prims/jni.cpp, line 615]
Event: 6901.792 Thread 0x00000266bafea800 Exception <a 'sun/nio/fs/WindowsException'{0x0000000091028f08}> (0x0000000091028f08) thrown at [./src/hotspot/share/prims/jni.cpp, line 615]
Event: 6901.816 Thread 0x00000266bafea800 Exception <a 'sun/nio/fs/WindowsException'{0x00000000910314b0}> (0x00000000910314b0) thrown at [./src/hotspot/share/prims/jni.cpp, line 615]
Event: 6901.851 Thread 0x00000266bafea800 Exception <a 'sun/nio/fs/WindowsException'{0x000000009103a070}> (0x000000009103a070) thrown at [./src/hotspot/share/prims/jni.cpp, line 615]
Event: 6901.866 Thread 0x00000266bafea800 Exception <a 'sun/nio/fs/WindowsException'{0x0000000091043dd0}> (0x0000000091043dd0) thrown at [./src/hotspot/share/prims/jni.cpp, line 615]
Event: 6901.892 Thread 0x00000266bafea800 Exception <a 'sun/nio/fs/WindowsException'{0x000000009104d410}> (0x000000009104d410) thrown at [./src/hotspot/share/prims/jni.cpp, line 615]
Event: 6901.906 Thread 0x00000266bafea800 Exception <a 'sun/nio/fs/WindowsException'{0x0000000091056b60}> (0x0000000091056b60) thrown at [./src/hotspot/share/prims/jni.cpp, line 615]
Event: 6901.927 Thread 0x00000266bafea800 Exception <a 'sun/nio/fs/WindowsException'{0x000000009105fff8}> (0x000000009105fff8) thrown at [./src/hotspot/share/prims/jni.cpp, line 615]
Event: 6901.944 Thread 0x00000266bafea800 Exception <a 'sun/nio/fs/WindowsException'{0x0000000091068dd0}> (0x0000000091068dd0) thrown at [./src/hotspot/share/prims/jni.cpp, line 615]
Event: 6905.454 Thread 0x00000266bafea800 Exception <a 'sun/nio/fs/WindowsException'{0x0000000094fe4680}> (0x0000000094fe4680) thrown at [./src/hotspot/share/prims/jni.cpp, line 615]

Events (20 events):
Event: 6905.499 Thread 0x00000266b8a3b000 Thread added: 0x00000266b8a3b000
Event: 6905.500 Executing VM operation: RevokeBias
Event: 6905.502 Executing coalesced safepoint VM operation: RevokeBias
Event: 6905.502 Executing coalesced safepoint VM operation: RevokeBias done
Event: 6905.502 Executing VM operation: RevokeBias done
Event: 6905.599 Executing VM operation: RevokeBias
Event: 6905.600 Executing VM operation: RevokeBias done
Event: 6905.611 Executing VM operation: G1CollectForAllocation
Event: 6905.645 Executing VM operation: G1CollectForAllocation done
Event: 6905.665 loading class com/android/tools/r8/internal/Qb
Event: 6905.665 loading class com/android/tools/r8/internal/Qb done
Event: 6905.701 Executing VM operation: RevokeBias
Event: 6905.702 Executing VM operation: RevokeBias done
Event: 6905.824 Thread 0x00000266b8a37800 Thread added: 0x00000266b8a37800
Event: 6905.841 loading class com/android/tools/r8/internal/k4$a
Event: 6905.841 loading class com/android/tools/r8/internal/k4$a done
Event: 6905.999 Executing VM operation: ICBufferFull
Event: 6906.002 Executing VM operation: ICBufferFull done
Event: 6906.024 Executing VM operation: G1CollectForAllocation
Event: 6906.051 Executing VM operation: G1CollectForAllocation done


Dynamic libraries:
0x00007ff6da780000 - 0x00007ff6da78a000 	G:\Programms\Android Studio\jre\bin\java.exe
0x00007ffaecc90000 - 0x00007ffaece7d000 	C:\WINDOWS\SYSTEM32\ntdll.dll
0x00007ffaec9f0000 - 0x00007ffaecaa3000 	C:\WINDOWS\System32\KERNEL32.DLL
0x00007ffae8df0000 - 0x00007ffae9085000 	C:\WINDOWS\System32\KERNELBASE.dll
0x00007ffae9350000 - 0x00007ffae944a000 	C:\WINDOWS\System32\ucrtbase.dll
0x00007ffae6460000 - 0x00007ffae6479000 	G:\Programms\Android Studio\jre\bin\jli.dll
0x00007ffaebd80000 - 0x00007ffaebf17000 	C:\WINDOWS\System32\USER32.dll
0x00007ffae9130000 - 0x00007ffae9150000 	C:\WINDOWS\System32\win32u.dll
0x00007ffaebba0000 - 0x00007ffaebbc9000 	C:\WINDOWS\System32\GDI32.dll
0x00007ffae91b0000 - 0x00007ffae934c000 	C:\WINDOWS\System32\gdi32full.dll
0x00007ffae94d0000 - 0x00007ffae9570000 	C:\WINDOWS\System32\msvcp_win.dll
0x00007ffae6440000 - 0x00007ffae6457000 	G:\Programms\Android Studio\jre\bin\VCRUNTIME140.dll
0x00007ffad14c0000 - 0x00007ffad1739000 	C:\WINDOWS\WinSxS\amd64_microsoft.windows.common-controls_6595b64144ccf1df_6.0.17763.1577_none_de7444545348a3d0\COMCTL32.dll
0x00007ffaec740000 - 0x00007ffaec7de000 	C:\WINDOWS\System32\msvcrt.dll
0x00007ffaec340000 - 0x00007ffaec66d000 	C:\WINDOWS\System32\combase.dll
0x00007ffaec190000 - 0x00007ffaec2b2000 	C:\WINDOWS\System32\RPCRT4.dll
0x00007ffae9450000 - 0x00007ffae94ce000 	C:\WINDOWS\System32\bcryptPrimitives.dll
0x00007ffaec890000 - 0x00007ffaec8be000 	C:\WINDOWS\System32\IMM32.DLL
0x00007ffad3ef0000 - 0x00007ffad3f8d000 	G:\Programms\Android Studio\jre\bin\msvcp140.dll
0x00007ffa94240000 - 0x00007ffa94d0f000 	G:\Programms\Android Studio\jre\bin\server\jvm.dll
0x00007ffaec7e0000 - 0x00007ffaec883000 	C:\WINDOWS\System32\ADVAPI32.dll
0x00007ffaecab0000 - 0x00007ffaecb4e000 	C:\WINDOWS\System32\sechost.dll
0x00007ffaec730000 - 0x00007ffaec738000 	C:\WINDOWS\System32\PSAPI.DLL
0x00007ffacec60000 - 0x00007ffacec69000 	C:\WINDOWS\SYSTEM32\WSOCK32.dll
0x00007ffaec980000 - 0x00007ffaec9ed000 	C:\WINDOWS\System32\WS2_32.dll
0x00007ffae6de0000 - 0x00007ffae6e04000 	C:\WINDOWS\SYSTEM32\WINMM.dll
0x00007ffae2e10000 - 0x00007ffae2e1a000 	C:\WINDOWS\SYSTEM32\VERSION.dll
0x00007ffae6d80000 - 0x00007ffae6dad000 	C:\WINDOWS\SYSTEM32\WINMMBASE.dll
0x00007ffae9090000 - 0x00007ffae90da000 	C:\WINDOWS\System32\cfgmgr32.dll
0x00007ffae8c90000 - 0x00007ffae8ca1000 	C:\WINDOWS\System32\kernel.appcore.dll
0x00007ffacec40000 - 0x00007ffacec51000 	G:\Programms\Android Studio\jre\bin\verify.dll
0x00007ffae2900000 - 0x00007ffae2aed000 	C:\WINDOWS\SYSTEM32\DBGHELP.DLL
0x00007ffadc1b0000 - 0x00007ffadc1da000 	C:\WINDOWS\SYSTEM32\dbgcore.DLL
0x00007ffac9750000 - 0x00007ffac9779000 	G:\Programms\Android Studio\jre\bin\java.dll
0x00007fface5d0000 - 0x00007fface5db000 	G:\Programms\Android Studio\jre\bin\jimage.dll
0x00007fface330000 - 0x00007fface348000 	G:\Programms\Android Studio\jre\bin\zip.dll
0x00007ffaea330000 - 0x00007ffaeb829000 	C:\WINDOWS\System32\SHELL32.dll
0x00007ffaec0e0000 - 0x00007ffaec188000 	C:\WINDOWS\System32\shcore.dll
0x00007ffae9750000 - 0x00007ffae9ea3000 	C:\WINDOWS\System32\windows.storage.dll
0x00007ffae8cb0000 - 0x00007ffae8cd4000 	C:\WINDOWS\System32\profapi.dll
0x00007ffae8ce0000 - 0x00007ffae8d3d000 	C:\WINDOWS\System32\powrprof.dll
0x00007ffaec920000 - 0x00007ffaec972000 	C:\WINDOWS\System32\shlwapi.dll
0x00007ffae9110000 - 0x00007ffae9127000 	C:\WINDOWS\System32\cryptsp.dll
0x00007ffac2b30000 - 0x00007ffac2b4a000 	G:\Programms\Android Studio\jre\bin\net.dll
0x00007ffadfe90000 - 0x00007ffadff84000 	C:\WINDOWS\SYSTEM32\WINHTTP.dll
0x00007ffae84e0000 - 0x00007ffae8547000 	C:\WINDOWS\system32\mswsock.dll
0x00007ffabe0d0000 - 0x00007ffabe0e4000 	G:\Programms\Android Studio\jre\bin\nio.dll
0x00007ffad3f90000 - 0x00007ffad3fb7000 	C:\Users\Hampash\.gradle\native\8bec1ad78214c89d9ad589b4d07fe93259594b29d510b10fafb7a158f7737e5d\windows-amd64\native-platform.dll
0x00007fface9f0000 - 0x00007ffaceb2d000 	C:\Users\Hampash\.gradle\native\53dbd7edfb1c66fb8903c78663c9afc45aea4f116125fa6feffd364cf09443e8\windows-amd64\native-platform-file-events.dll
0x00007ffac9740000 - 0x00007ffac974a000 	G:\Programms\Android Studio\jre\bin\management.dll
0x00007ffac85f0000 - 0x00007ffac85fc000 	G:\Programms\Android Studio\jre\bin\management_ext.dll
0x00007ffae8060000 - 0x00007ffae8093000 	C:\WINDOWS\system32\rsaenh.dll
0x00007ffae90e0000 - 0x00007ffae9106000 	C:\WINDOWS\System32\bcrypt.dll
0x00007ffae8b70000 - 0x00007ffae8b99000 	C:\WINDOWS\SYSTEM32\USERENV.dll
0x00007ffae86b0000 - 0x00007ffae86bc000 	C:\WINDOWS\SYSTEM32\CRYPTBASE.dll
0x00007ffae8200000 - 0x00007ffae823d000 	C:\WINDOWS\SYSTEM32\IPHLPAPI.DLL
0x00007ffaecc30000 - 0x00007ffaecc38000 	C:\WINDOWS\System32\NSI.dll
0x00007ffae3d90000 - 0x00007ffae3da6000 	C:\WINDOWS\SYSTEM32\dhcpcsvc6.DLL
0x00007ffae3d20000 - 0x00007ffae3d3c000 	C:\WINDOWS\SYSTEM32\dhcpcsvc.DLL
0x00007ffae8250000 - 0x00007ffae8316000 	C:\WINDOWS\SYSTEM32\DNSAPI.dll
0x00007ffad5890000 - 0x00007ffad58ae000 	C:\Users\Hampash\AppData\Local\Temp\native-platform2632217544230787851dir\native-platform.dll
0x00007ffad5010000 - 0x00007ffad5018000 	G:\Programms\Android Studio\jre\bin\rmi.dll
0x00007ffae7ce0000 - 0x00007ffae7d11000 	C:\WINDOWS\SYSTEM32\ntmarta.dll

dbghelp: loaded successfully - version: 4.0.5 - missing functions: none
symbol engine: initialized successfully - sym options: 0x614 - pdb path: .;G:\Programms\Android Studio\jre\bin;C:\WINDOWS\SYSTEM32;C:\WINDOWS\WinSxS\amd64_microsoft.windows.common-controls_6595b64144ccf1df_6.0.17763.1577_none_de7444545348a3d0;G:\Programms\Android Studio\jre\bin\server;C:\Users\Hampash\.gradle\native\8bec1ad78214c89d9ad589b4d07fe93259594b29d510b10fafb7a158f7737e5d\windows-amd64;C:\Users\Hampash\.gradle\native\53dbd7edfb1c66fb8903c78663c9afc45aea4f116125fa6feffd364cf09443e8\windows-amd64;C:\Users\Hampash\AppData\Local\Temp\native-platform2632217544230787851dir

VM Arguments:
jvm_args: --add-opens=java.base/java.util=ALL-UNNAMED --add-opens=java.base/java.lang=ALL-UNNAMED --add-opens=java.base/java.lang.invoke=ALL-UNNAMED --add-opens=java.base/java.util=ALL-UNNAMED --add-opens=java.prefs/java.util.prefs=ALL-UNNAMED --add-opens=java.prefs/java.util.prefs=ALL-UNNAMED --add-opens=java.base/java.nio.charset=ALL-UNNAMED --add-opens=java.base/java.net=ALL-UNNAMED --add-opens=java.base/java.util.concurrent.atomic=ALL-UNNAMED -Xmx2048m -Dfile.encoding=UTF-8 -Duser.country=RU -Duser.language=ru -Duser.variant 
java_command: org.gradle.launcher.daemon.bootstrap.GradleDaemon 7.0.2
java_class_path (initial): C:\Users\Hampash\.gradle\wrapper\dists\gradle-7.0.2-bin\857tjihv64xamwrf0h14cai3r\gradle-7.0.2\lib\gradle-launcher-7.0.2.jar
Launcher Type: SUN_STANDARD

[Global flags]
     intx CICompilerCount                          = 3                                         {product} {ergonomic}
     uint ConcGCThreads                            = 1                                         {product} {ergonomic}
     uint G1ConcRefinementThreads                  = 4                                         {product} {ergonomic}
   size_t G1HeapRegionSize                         = 1048576                                   {product} {ergonomic}
    uintx GCDrainStackTargetSize                   = 64                                        {product} {ergonomic}
   size_t InitialHeapSize                          = 67108864                                  {product} {ergonomic}
   size_t MarkStackSize                            = 4194304                                   {product} {ergonomic}
   size_t MaxHeapSize                              = 2147483648                                {product} {command line}
   size_t MaxNewSize                               = 1287651328                                {product} {ergonomic}
   size_t MinHeapDeltaBytes                        = 1048576                                   {product} {ergonomic}
    uintx NonNMethodCodeHeapSize                   = 5830732                                {pd product} {ergonomic}
    uintx NonProfiledCodeHeapSize                  = 122913754                              {pd product} {ergonomic}
    uintx ProfiledCodeHeapSize                     = 122913754                              {pd product} {ergonomic}
    uintx ReservedCodeCacheSize                    = 251658240                              {pd product} {ergonomic}
     bool SegmentedCodeCache                       = true                                      {product} {ergonomic}
     bool UseCompressedClassPointers               = true                                 {lp64_product} {ergonomic}
     bool UseCompressedOops                        = true                                 {lp64_product} {ergonomic}
     bool UseG1GC                                  = true                                      {product} {ergonomic}
     bool UseLargePagesIndividualAllocation        = false                                  {pd product} {ergonomic}

Logging:
Log output configuration:
 #0: stdout all=warning uptime,level,tags
 #1: stderr all=off uptime,level,tags

Environment Variables:
PATH=c:\program files\common files\oracle\java\javapath;c:\program files (x86)\common files\intel\shared libraries\redist\intel64_win\compiler;c:\program files (x86)\common files\oracle\java\javapath;c:\programdata\oracle\java\javapath;c:\windows\system32;c:\windows;c:\windows\system32\wbem;c:\windows\system32\windowspowershell\v1.0\;c:\program files (x86)\ati technologies\ati.ace\core-static;c:\program files (x86)\gtksharp\2.12\bin;d:\quicktime\qtsystem\;c:\windows\system32\openssh\;c:\users\hampash\.dnx\bin;c:\program files\microsoft dnx\dnvm\;c:\windows\system32;c:\windows;c:\windows\system32\wbem;c:\windows\system32\windowspowershell\v1.0\;c:\windows\system32\openssh\;c:\program files\nvidia corporation\nvidia nvdlisr;d:\nodejs\;d:\git\cmd;e:\putty\;c:\program files\dotnet\;c:\program files\microsoft sql server\130\tools\binn\;c:\program files\microsoft sql server\client sdk\odbc\170\tools\binn\;c:\program files (x86)\microsoft sql server\150\dts\binn\;c:\program files (x86)\microsoft sql server\150\tools\binn\;c:\program files\microsoft sql server\150\tools\binn\;c:\program files\microsoft sql server\150\dts\binn\;c:\program files\git\cmd;C:\Program Files (x86)\dotnet\;C:\Users\Hampash\AppData\Local\Programs\Python\Python37\Scripts\;C:\Users\Hampash\AppData\Local\Programs\Python\Python37\;C:\Users\Hampash\AppData\Local\Programs\Python\Python38-32\Scripts\;C:\Users\Hampash\AppData\Local\Programs\Python\Python38-32\;C:\Users\Hampash\AppData\Local\Microsoft\WindowsApps;D:\PyCharm 2019.3.2\bin;;C:\Users\Hampash\AppData\Roaming\npm;C:\Users\Hampash\.dotnet\tools;E:\Microsoft VS Code\bin;E:\PyCharm Community Edition 2021.1\bin;
USERNAME=Hampash
OS=Windows_NT
PROCESSOR_IDENTIFIER=Intel64 Family 6 Model 60 Stepping 3, GenuineIntel



---------------  S Y S T E M  ---------------

OS: Windows 10 , 64 bit Build 17763 (10.0.17763.475)
OS uptime: 0 days 2:13 hours

CPU:total 4 (initial active 4) (4 cores per cpu, 1 threads per core) family 6 model 60 stepping 3 microcode 0x27, cmov, cx8, fxsr, mmx, sse, sse2, sse3, ssse3, sse4.1, sse4.2, popcnt, avx, avx2, aes, clmul, erms, lzcnt, tsc, tscinvbit, bmi1, bmi2, fma

Memory: 4k page, system-wide physical 4038M (453M free)
TotalPageFile size 12048M (AvailPageFile size 3M)
current process WorkingSet (physical memory assigned to process): 651M, peak: 651M
current process commit charge ("private bytes"): 871M, peak: 874M

vm_info: OpenJDK 64-Bit Server VM (11.0.10+0-b96-7249189) for windows-amd64 JRE (11.0.10+0-b96-7249189), built on Mar 31 2021 21:44:00 by "builder" with MS VC++ 14.0 (VS2015)

END.
